Removed Pin From Net: NetName=MAOUT Pin=Q1_MAHB-9
Removed Pin From Net: NetName=MBOUT Pin=Q1_MBHB-9
Removed Pin From Net: NetName=VCC Pin=R3_MAHB-1
Removed Pin From Net: NetName=VCC Pin=R3_MBHB-1
Removed Pin From Net: NetName=NetD1_MAHB_2 Pin=SI7655_MAHB-4
Removed Pin From Net: NetName=MAOUT Pin=SI7655_MAHB-9
Removed Pin From Net: NetName=MAOUT Pin=SI7655_MAHB-10
Removed Pin From Net: NetName=MAOUT Pin=SI7655_MAHB-11
Removed Pin From Net: NetName=NetD1_MBHB_2 Pin=SI7655_MBHB-4
Removed Pin From Net: NetName=MBOUT Pin=SI7655_MBHB-9
Removed Pin From Net: NetName=MBOUT Pin=SI7655_MBHB-10
Removed Pin From Net: NetName=MBOUT Pin=SI7655_MBHB-11
Removed Member From Class: ClassName=MAHB Member=R3_MAHB
Removed Member From Class: ClassName=MBHB Member=R3_MBHB
Change Component Footprint: Designator=R4_MAHB Old Footprint=RESC1005X40N New Footprint=RESC1005X40X25NL05T05
Change Component Footprint: Designator=R4_MBHB Old Footprint=RESC1005X40N New Footprint=RESC1005X40X25NL05T05
Change Component Footprint: Designator=R5_MAHB Old Footprint=RESC1005X40N New Footprint=RESC1005X40X25NL05T05
Change Component Footprint: Designator=R5_MBHB Old Footprint=RESC1005X40N New Footprint=RESC1005X40X25NL05T05
Change Component Comment : Designator=R4_MAHB Old Comment=ERJ-2GEJ104X New Comment=ERJ-2RKF1500X
Change Component Comment : Designator=R4_MBHB Old Comment=ERJ-2GEJ104X New Comment=ERJ-2RKF1500X
Change Component Comment : Designator=R5_MAHB Old Comment=ERJ-2GEJ104X New Comment=ERJ-2RKF1500X
Change Component Comment : Designator=R5_MBHB Old Comment=ERJ-2GEJ104X New Comment=ERJ-2RKF1500X
Change Component Designator: OldDesignator=S NewDesignator=IR4427_MAHB
Change Component Designator: OldDesignator=S NewDesignator=IR4427_MBHB
Change Component Designator: OldDesignator=S NewDesignator=R1_MBHB
Change Component Designator: OldDesignator=S NewDesignator=R2_MBHB
Change Component Designator: OldDesignator=SS NewDesignator=C2_MAHB
Change Managed Component Library Link : Designator=R4_MAHB Old VaultGUID= New VaultGUID=B7D15EC3-160A-466F-A46C-7801FE6295A7 Old ItemGUID= New ItemGUID=A194A7AB-2A82-4892-9991-3ECDC652B19D Old RevisionGUID= New RevisionGUID=94DD0EE5-CBA9-46B3-9CA2-4BE66BC2E069
Change Managed Component Library Link : Designator=R4_MBHB Old VaultGUID= New VaultGUID=B7D15EC3-160A-466F-A46C-7801FE6295A7 Old ItemGUID= New ItemGUID=A194A7AB-2A82-4892-9991-3ECDC652B19D Old RevisionGUID= New RevisionGUID=94DD0EE5-CBA9-46B3-9CA2-4BE66BC2E069
Change Managed Component Library Link : Designator=R5_MAHB Old VaultGUID= New VaultGUID=B7D15EC3-160A-466F-A46C-7801FE6295A7 Old ItemGUID= New ItemGUID=A194A7AB-2A82-4892-9991-3ECDC652B19D Old RevisionGUID= New RevisionGUID=94DD0EE5-CBA9-46B3-9CA2-4BE66BC2E069
Change Managed Component Library Link : Designator=R5_MBHB Old VaultGUID= New VaultGUID=B7D15EC3-160A-466F-A46C-7801FE6295A7 Old ItemGUID= New ItemGUID=A194A7AB-2A82-4892-9991-3ECDC652B19D Old RevisionGUID= New RevisionGUID=94DD0EE5-CBA9-46B3-9CA2-4BE66BC2E069
Change component parameters: Designator = "R4_MAHB" ("R4"); Footprint = "RESC1005X40N"; UniqueID = "\DMMEKZJZ\QJJFFKDP" ("\DMMEKZJZ\QJJFFKDP")
Change component parameters (AddParameter): Name = "Manufacturer"; Value = "Panasonic"; VariantName = "[No Variations]"
Change component parameters (AddParameter): Name = "Part Number"; Value = "ERJ-2RKF1500X"; VariantName = "[No Variations]"
Change component parameters: Designator = "R4_MBHB" ("R4"); Footprint = "RESC1005X40N"; UniqueID = "\RPHHTBUZ\QJJFFKDP" ("\RPHHTBUZ\QJJFFKDP")
Change component parameters (AddParameter): Name = "Manufacturer"; Value = "Panasonic"; VariantName = "[No Variations]"
Change component parameters (AddParameter): Name = "Part Number"; Value = "ERJ-2RKF1500X"; VariantName = "[No Variations]"
Change component parameters: Designator = "R5_MAHB" ("R5"); Footprint = "RESC1005X40N"; UniqueID = "\DMMEKZJZ\KDYUVODT" ("\DMMEKZJZ\KDYUVODT")
Change component parameters (AddParameter): Name = "Manufacturer"; Value = "Panasonic"; VariantName = "[No Variations]"
Change component parameters (AddParameter): Name = "Part Number"; Value = "ERJ-2RKF1500X"; VariantName = "[No Variations]"
Change component parameters: Designator = "R5_MBHB" ("R5"); Footprint = "RESC1005X40N"; UniqueID = "\RPHHTBUZ\KDYUVODT" ("\RPHHTBUZ\KDYUVODT")
Change component parameters (AddParameter): Name = "Manufacturer"; Value = "Panasonic"; VariantName = "[No Variations]"
Change component parameters (AddParameter): Name = "Part Number"; Value = "ERJ-2RKF1500X"; VariantName = "[No Variations]"
Added Pin To Net: NetName=VCC Pin=D1_MAHB-1
Added Pin To Net: NetName=VCC Pin=D1_MBHB-1
Added Pin To Net: NetName=VCC Pin=SI7655_MAHB-1
Added Pin To Net: NetName=VCC Pin=SI7655_MAHB-2
Added Pin To Net: NetName=VCC Pin=SI7655_MAHB-3
Added Pin To Net: NetName=VCC Pin=SI7655_MBHB-1
Added Pin To Net: NetName=VCC Pin=SI7655_MBHB-2
Added Pin To Net: NetName=VCC Pin=SI7655_MBHB-3
Added Member To Class: ClassName=MAHB Member=Component C2_MAHB (C2) T491D475M050AT
Added Member To Class: ClassName=MAHB Member=Component IR4427_MAHB (IR4427) IR4427STRPBF
Added Member To Class: ClassName=MBHB Member=Component IR4427_MBHB (IR4427) IR4427STRPBF
Added Member To Class: ClassName=MBHB Member=Component R1_MBHB (R1) CRCW0402330RFKED
Added Member To Class: ClassName=MBHB Member=Component R2_MBHB (R2) CRCW0402330RFKED
Added Member To Class: ClassName=MAHB Member=Component SI7655_MAHB (SI7655) SI7655DN-T1-GE3
Added Room: Name=MAHB
Added Room: Name=MBHB
Added Room: Name=Motor_Driver_2021
