Removed Pin From Net: NetName=MAOUT Pin=Q1_MAHB-9
Removed Pin From Net: NetName=MBOUT Pin=Q1_MBHB-9
Removed Pin From Net: NetName=NetIR4427_MAHB_7 Pin=R3_MAHB-1
Removed Pin From Net: NetName=NetIR4427_MBHB_7 Pin=R3_MBHB-1
Removed Pin From Net: NetName=NetIR4427_MAHB_5 Pin=R4_MAHB-1
Removed Pin From Net: NetName=NetQ1_MAHB_4 Pin=R4_MAHB-2
Removed Pin From Net: NetName=NetIR4427_MBHB_5 Pin=R4_MBHB-1
Removed Pin From Net: NetName=NetQ1_MBHB_4 Pin=R4_MBHB-2
Removed Pin From Net: NetName=VCC Pin=SI7655_MAHB-1
Removed Pin From Net: NetName=VCC Pin=SI7655_MAHB-2
Removed Pin From Net: NetName=VCC Pin=SI7655_MAHB-3
Removed Pin From Net: NetName=MAOUT Pin=SI7655_MAHB-9
Removed Pin From Net: NetName=MAOUT Pin=SI7655_MAHB-10
Removed Pin From Net: NetName=MAOUT Pin=SI7655_MAHB-11
Removed Pin From Net: NetName=VCC Pin=SI7655_MBHB-1
Removed Pin From Net: NetName=VCC Pin=SI7655_MBHB-2
Removed Pin From Net: NetName=VCC Pin=SI7655_MBHB-3
Removed Pin From Net: NetName=MBOUT Pin=SI7655_MBHB-9
Removed Pin From Net: NetName=MBOUT Pin=SI7655_MBHB-10
Removed Pin From Net: NetName=MBOUT Pin=SI7655_MBHB-11
Added Component: Designator=R3_MAHB(RESC1005X40X25LL05T05)
Add component (AddParameter): Name = "Case Code (Imperial)"; Value = "0402"; VariantName = "[No Variations]"
Add component (AddParameter): Name = "Case Code (Metric)"; Value = "1005"; VariantName = "[No Variations]"
Add component (AddParameter): Name = "Case\/Package"; Value = "0402"; VariantName = "[No Variations]"
Add component (AddParameter): Name = "ComponentLink1Description"; Value = "Manufacturer URL"; VariantName = "[No Variations]"
Add component (AddParameter): Name = "ComponentLink1URL"; Value = "http://www.panasonic.com/"; VariantName = "[No Variations]"
Add component (AddParameter): Name = "ComponentLink2Description"; Value = "Datasheet"; VariantName = "[No Variations]"
Add component (AddParameter): Name = "ComponentLink2URL"; Value = "http://industrial.panasonic.com/cdbs/www-data/pdf/RDA0000/AOA0000C86.pdf"; VariantName = "[No Variations]"
Add component (AddParameter): Name = "DatasheetVersion"; Value = "04/2015"; VariantName = "[No Variations]"
Add component (AddParameter): Name = "Height"; Value = "0.35 mm"; VariantName = "[No Variations]"
Add component (AddParameter): Name = "Length"; Value = "1 mm"; VariantName = "[No Variations]"
Add component (AddParameter): Name = "Max Operating Temperature"; Value = "155 degC"; VariantName = "[No Variations]"
Add component (AddParameter): Name = "Min Operating Temperature"; Value = "-55 degC"; VariantName = "[No Variations]"
Add component (AddParameter): Name = "Mount"; Value = "Surface Mount"; VariantName = "[No Variations]"
Add component (AddParameter): Name = "Mounting Technology"; Value = "Surface Mount"; VariantName = "[No Variations]"
Add component (AddParameter): Name = "Package Quantity"; Value = "1"; VariantName = "[No Variations]"
Add component (AddParameter): Name = "PackageDescription"; Value = "2-Pin Surface Mount Device, Body 1 x 0.5 mm"; VariantName = "[No Variations]"
Add component (AddParameter): Name = "PackageReference"; Value = "0402"; VariantName = "[No Variations]"
Add component (AddParameter): Name = "Packaging"; Value = "Cut Tape"; VariantName = "[No Variations]"
Add component (AddParameter): Name = "PartNumber"; Value = "ERJ-2RKF4701X"; VariantName = "[No Variations]"
Add component (AddParameter): Name = "Pins"; Value = "2"; VariantName = "[No Variations]"
Add component (AddParameter): Name = "Power Rating"; Value = "100 mW"; VariantName = "[No Variations]"
Add component (AddParameter): Name = "Radiation Hardening"; Value = "No"; VariantName = "[No Variations]"
Add component (AddParameter): Name = "REACH SVHC"; Value = "Yes"; VariantName = "[No Variations]"
Add component (AddParameter): Name = "Resistance"; Value = "4.7 KOhm"; VariantName = "[No Variations]"
Add component (AddParameter): Name = "RoHSCompliant"; Value = "true"; VariantName = "[No Variations]"
Add component (AddParameter): Name = "Tolerance"; Value = "1%"; VariantName = "[No Variations]"
Add component (AddParameter): Name = "Voltage Rating"; Value = "50 V"; VariantName = "[No Variations]"
Add component (AddParameter): Name = "Width"; Value = "0.5 mm"; VariantName = "[No Variations]"
Added Component: Designator=R3_MBHB(RESC1005X40X25LL05T05)
Add component (AddParameter): Name = "Case Code (Imperial)"; Value = "0402"; VariantName = "[No Variations]"
Add component (AddParameter): Name = "Case Code (Metric)"; Value = "1005"; VariantName = "[No Variations]"
Add component (AddParameter): Name = "Case\/Package"; Value = "0402"; VariantName = "[No Variations]"
Add component (AddParameter): Name = "ComponentLink1Description"; Value = "Manufacturer URL"; VariantName = "[No Variations]"
Add component (AddParameter): Name = "ComponentLink1URL"; Value = "http://www.panasonic.com/"; VariantName = "[No Variations]"
Add component (AddParameter): Name = "ComponentLink2Description"; Value = "Datasheet"; VariantName = "[No Variations]"
Add component (AddParameter): Name = "ComponentLink2URL"; Value = "http://industrial.panasonic.com/cdbs/www-data/pdf/RDA0000/AOA0000C86.pdf"; VariantName = "[No Variations]"
Add component (AddParameter): Name = "DatasheetVersion"; Value = "04/2015"; VariantName = "[No Variations]"
Add component (AddParameter): Name = "Height"; Value = "0.35 mm"; VariantName = "[No Variations]"
Add component (AddParameter): Name = "Length"; Value = "1 mm"; VariantName = "[No Variations]"
Add component (AddParameter): Name = "Max Operating Temperature"; Value = "155 degC"; VariantName = "[No Variations]"
Add component (AddParameter): Name = "Min Operating Temperature"; Value = "-55 degC"; VariantName = "[No Variations]"
Add component (AddParameter): Name = "Mount"; Value = "Surface Mount"; VariantName = "[No Variations]"
Add component (AddParameter): Name = "Mounting Technology"; Value = "Surface Mount"; VariantName = "[No Variations]"
Add component (AddParameter): Name = "Package Quantity"; Value = "1"; VariantName = "[No Variations]"
Add component (AddParameter): Name = "PackageDescription"; Value = "2-Pin Surface Mount Device, Body 1 x 0.5 mm"; VariantName = "[No Variations]"
Add component (AddParameter): Name = "PackageReference"; Value = "0402"; VariantName = "[No Variations]"
Add component (AddParameter): Name = "Packaging"; Value = "Cut Tape"; VariantName = "[No Variations]"
Add component (AddParameter): Name = "PartNumber"; Value = "ERJ-2RKF4701X"; VariantName = "[No Variations]"
Add component (AddParameter): Name = "Pins"; Value = "2"; VariantName = "[No Variations]"
Add component (AddParameter): Name = "Power Rating"; Value = "100 mW"; VariantName = "[No Variations]"
Add component (AddParameter): Name = "Radiation Hardening"; Value = "No"; VariantName = "[No Variations]"
Add component (AddParameter): Name = "REACH SVHC"; Value = "Yes"; VariantName = "[No Variations]"
Add component (AddParameter): Name = "Resistance"; Value = "4.7 KOhm"; VariantName = "[No Variations]"
Add component (AddParameter): Name = "RoHSCompliant"; Value = "true"; VariantName = "[No Variations]"
Add component (AddParameter): Name = "Tolerance"; Value = "1%"; VariantName = "[No Variations]"
Add component (AddParameter): Name = "Voltage Rating"; Value = "50 V"; VariantName = "[No Variations]"
Add component (AddParameter): Name = "Width"; Value = "0.5 mm"; VariantName = "[No Variations]"
Added Pin To Net: NetName=VCC Pin=R3_MAHB-1
Added Pin To Net: NetName=VCC Pin=R3_MBHB-1
Added Pin To Net: NetName=NetD1_MAHB_1 Pin=R3_MAHB-2
Added Pin To Net: NetName=NetD1_MAHB_1 Pin=SI7655_MAHB-1
Added Pin To Net: NetName=NetD1_MAHB_1 Pin=SI7655_MAHB-2
Added Pin To Net: NetName=NetD1_MAHB_1 Pin=SI7655_MAHB-3
Added Net: Name=NetD1_MAHB_1
Added Pin To Net: NetName=NetD1_MAHB_2 Pin=SI7655_MAHB-4
Added Net: Name=NetD1_MAHB_2
Added Pin To Net: NetName=NetD1_MBHB_1 Pin=R3_MBHB-2
Added Pin To Net: NetName=NetD1_MBHB_1 Pin=SI7655_MBHB-1
Added Pin To Net: NetName=NetD1_MBHB_1 Pin=SI7655_MBHB-2
Added Pin To Net: NetName=NetD1_MBHB_1 Pin=SI7655_MBHB-3
Added Net: Name=NetD1_MBHB_1
Added Pin To Net: NetName=NetD1_MBHB_2 Pin=SI7655_MBHB-4
Added Net: Name=NetD1_MBHB_2
