Change Component Library : Designator=SI7655_MAHB Old Library=* New Library=SamacSys.SchLib
Change Component Library : Designator=SI7655_MBHB Old Library=* New Library=SamacSys.SchLib
Added Component: Designator=D1_MAHB(Diodes_SOT23_0)
Added Component: Designator=D1_MBHB(Diodes_SOT23_0)
Added Component: Designator=R4_MAHB(Panasonic_ERJ-2G_0)
Added Component: Designator=R4_MBHB(Panasonic_ERJ-2G_0)
Added Component: Designator=R5_MAHB(Panasonic_ERJ-2G_0)
Added Component: Designator=R5_MBHB(Panasonic_ERJ-2G_0)
Added Pin To Net: NetName=NetD1_MAHB_1 Pin=D1_MAHB-1
Added Pin To Net: NetName=NetD1_MAHB_2 Pin=D1_MAHB-2
Added Pin To Net: NetName=NetD1_MBHB_1 Pin=D1_MBHB-1
Added Pin To Net: NetName=NetD1_MBHB_2 Pin=D1_MBHB-2
Added Pin To Net: NetName=NetIR4427_MAHB_7 Pin=R4_MAHB-1
Added Pin To Net: NetName=NetD1_MAHB_2 Pin=R4_MAHB-2
Added Pin To Net: NetName=NetIR4427_MBHB_7 Pin=R4_MBHB-1
Added Pin To Net: NetName=NetD1_MBHB_2 Pin=R4_MBHB-2
Added Pin To Net: NetName=NetIR4427_MAHB_5 Pin=R5_MAHB-1
Added Pin To Net: NetName=NetQ1_MAHB_4 Pin=R5_MAHB-2
Added Pin To Net: NetName=NetIR4427_MBHB_5 Pin=R5_MBHB-1
Added Pin To Net: NetName=NetQ1_MBHB_4 Pin=R5_MBHB-2
Added Member To Class: ClassName=MAHB Member=Component D1_MAHB (D1A) MMBZ5240B-7-F
Added Member To Class: ClassName=MBHB Member=Component D1_MBHB (D1A) MMBZ5240B-7-F
Added Member To Class: ClassName=MAHB Member=Component R3_MAHB (R3) ERJ-2RKF4701X
Added Member To Class: ClassName=MBHB Member=Component R3_MBHB (R3) ERJ-2RKF4701X
Added Member To Class: ClassName=MAHB Member=Component R4_MAHB (R4) ERJ-2GEJ104X
Added Member To Class: ClassName=MBHB Member=Component R4_MBHB (R4) ERJ-2GEJ104X
Added Member To Class: ClassName=MAHB Member=Component R5_MAHB (R5) ERJ-2GEJ104X
Added Member To Class: ClassName=MBHB Member=Component R5_MBHB (R5) ERJ-2GEJ104X
