Removed Pin From Net: NetName=MAOUT Pin=Q1_MAHB-9
Removed Pin From Net: NetName=MBOUT Pin=Q1_MBHB-9
Removed Pin From Net: NetName=NetIR4427_MAHB_7 Pin=R3_MAHB-1
Removed Pin From Net: NetName=NetIR4427_MBHB_7 Pin=R3_MBHB-1
Removed Pin From Net: NetName=NetIR4427_MAHB_5 Pin=R4_MAHB-1
Removed Pin From Net: NetName=NetQ1_MAHB_4 Pin=R4_MAHB-2
Removed Pin From Net: NetName=NetIR4427_MBHB_5 Pin=R4_MBHB-1
Removed Pin From Net: NetName=NetQ1_MBHB_4 Pin=R4_MBHB-2
Removed Pin From Net: NetName=VCC Pin=SI7655_MAHB-1
Removed Pin From Net: NetName=VCC Pin=SI7655_MAHB-2
Removed Pin From Net: NetName=VCC Pin=SI7655_MAHB-3
Removed Pin From Net: NetName=MAOUT Pin=SI7655_MAHB-9
Removed Pin From Net: NetName=MAOUT Pin=SI7655_MAHB-10
Removed Pin From Net: NetName=MAOUT Pin=SI7655_MAHB-11
Removed Pin From Net: NetName=VCC Pin=SI7655_MBHB-1
Removed Pin From Net: NetName=VCC Pin=SI7655_MBHB-2
Removed Pin From Net: NetName=VCC Pin=SI7655_MBHB-3
Removed Pin From Net: NetName=MBOUT Pin=SI7655_MBHB-9
Removed Pin From Net: NetName=MBOUT Pin=SI7655_MBHB-10
Removed Pin From Net: NetName=MBOUT Pin=SI7655_MBHB-11
Change Component Footprint: Designator=R3_MAHB Old Footprint=RESC1005X40X25NL05T10 New Footprint=RESC1005X40X25LL05T05
Change Component Footprint: Designator=R3_MBHB Old Footprint=RESC1005X40X25NL05T10 New Footprint=RESC1005X40X25LL05T05
Change Component Comment : Designator=R3_MAHB Old Comment=CRCW040210R0FKEDHP New Comment=ERJ-2RKF4701X
Change Component Comment : Designator=R3_MBHB Old Comment=CRCW040210R0FKEDHP New Comment=ERJ-2RKF4701X
Change Managed Component Library Link : Designator=R3_MAHB Old VaultGUID=B7D15EC3-160A-466F-A46C-7801FE6295A7 New VaultGUID=B7D15EC3-160A-466F-A46C-7801FE6295A7 Old ItemGUID=30F92AE8-1D35-4F14-A246-05827DEF6F98 New ItemGUID=C4309226-11DC-43A1-96F2-52A2E5829F5C Old RevisionGUID=744756CA-1205-4E36-B14C-7B1107151D1B New RevisionGUID=A101AD97-14F7-4428-9444-3CD9D8B73ECD
Change Managed Component Library Link : Designator=R3_MBHB Old VaultGUID=B7D15EC3-160A-466F-A46C-7801FE6295A7 New VaultGUID=B7D15EC3-160A-466F-A46C-7801FE6295A7 Old ItemGUID=30F92AE8-1D35-4F14-A246-05827DEF6F98 New ItemGUID=C4309226-11DC-43A1-96F2-52A2E5829F5C Old RevisionGUID=744756CA-1205-4E36-B14C-7B1107151D1B New RevisionGUID=A101AD97-14F7-4428-9444-3CD9D8B73ECD
Change component parameters: Designator = "R3_MAHB" ("R3"); Footprint = "RESC1005X40X25NL05T10"; UniqueID = "\DMMEKZJZ\AOBNPHJU" ("\DMMEKZJZ\AOBNPHJU")
Change component parameters (AddParameter): Name = "Case Code (Imperial)"; Value = "0402"; VariantName = "[No Variations]"
Change component parameters (AddParameter): Name = "Case Code (Metric)"; Value = "1005"; VariantName = "[No Variations]"
Change component parameters (AddParameter): Name = "Case\/Package"; Value = "0402"; VariantName = "[No Variations]"
Change component parameters (AddParameter): Name = "ComponentLink1Description"; Value = "Manufacturer URL"; VariantName = "[No Variations]"
Change component parameters (AddParameter): Name = "ComponentLink1URL"; Value = "http://www.panasonic.com/"; VariantName = "[No Variations]"
Change component parameters (AddParameter): Name = "ComponentLink2Description"; Value = "Datasheet"; VariantName = "[No Variations]"
Change component parameters (AddParameter): Name = "ComponentLink2URL"; Value = "http://industrial.panasonic.com/cdbs/www-data/pdf/RDA0000/AOA0000C86.pdf"; VariantName = "[No Variations]"
Change component parameters (AddParameter): Name = "DatasheetVersion"; Value = "04/2015"; VariantName = "[No Variations]"
Change component parameters (AddParameter): Name = "Height"; Value = "0.35 mm"; VariantName = "[No Variations]"
Change component parameters (AddParameter): Name = "Length"; Value = "1 mm"; VariantName = "[No Variations]"
Change component parameters (AddParameter): Name = "Max Operating Temperature"; Value = "155 degC"; VariantName = "[No Variations]"
Change component parameters (AddParameter): Name = "Min Operating Temperature"; Value = "-55 degC"; VariantName = "[No Variations]"
Change component parameters (AddParameter): Name = "Mount"; Value = "Surface Mount"; VariantName = "[No Variations]"
Change component parameters (AddParameter): Name = "Mounting Technology"; Value = "Surface Mount"; VariantName = "[No Variations]"
Change component parameters (AddParameter): Name = "Package Quantity"; Value = "1"; VariantName = "[No Variations]"
Change component parameters (AddParameter): Name = "PackageDescription"; Value = "2-Pin Surface Mount Device, Body 1 x 0.5 mm"; VariantName = "[No Variations]"
Change component parameters (AddParameter): Name = "PackageReference"; Value = "0402"; VariantName = "[No Variations]"
Change component parameters (AddParameter): Name = "Packaging"; Value = "Cut Tape"; VariantName = "[No Variations]"
Change component parameters (AddParameter): Name = "PartNumber"; Value = "ERJ-2RKF4701X"; VariantName = "[No Variations]"
Change component parameters (AddParameter): Name = "Pins"; Value = "2"; VariantName = "[No Variations]"
Change component parameters (AddParameter): Name = "Power Rating"; Value = "100 mW"; VariantName = "[No Variations]"
Change component parameters (AddParameter): Name = "Radiation Hardening"; Value = "No"; VariantName = "[No Variations]"
Change component parameters (AddParameter): Name = "REACH SVHC"; Value = "Yes"; VariantName = "[No Variations]"
Change component parameters (AddParameter): Name = "Resistance"; Value = "4.7 KOhm"; VariantName = "[No Variations]"
Change component parameters (AddParameter): Name = "RoHSCompliant"; Value = "true"; VariantName = "[No Variations]"
Change component parameters (AddParameter): Name = "Tolerance"; Value = "1%"; VariantName = "[No Variations]"
Change component parameters (AddParameter): Name = "Voltage Rating"; Value = "50 V"; VariantName = "[No Variations]"
Change component parameters (AddParameter): Name = "Width"; Value = "0.5 mm"; VariantName = "[No Variations]"
Change component parameters: Designator = "R3_MBHB" ("R3"); Footprint = "RESC1005X40X25NL05T10"; UniqueID = "\RPHHTBUZ\AOBNPHJU" ("\RPHHTBUZ\AOBNPHJU")
Change component parameters (AddParameter): Name = "Case Code (Imperial)"; Value = "0402"; VariantName = "[No Variations]"
Change component parameters (AddParameter): Name = "Case Code (Metric)"; Value = "1005"; VariantName = "[No Variations]"
Change component parameters (AddParameter): Name = "Case\/Package"; Value = "0402"; VariantName = "[No Variations]"
Change component parameters (AddParameter): Name = "ComponentLink1Description"; Value = "Manufacturer URL"; VariantName = "[No Variations]"
Change component parameters (AddParameter): Name = "ComponentLink1URL"; Value = "http://www.panasonic.com/"; VariantName = "[No Variations]"
Change component parameters (AddParameter): Name = "ComponentLink2Description"; Value = "Datasheet"; VariantName = "[No Variations]"
Change component parameters (AddParameter): Name = "ComponentLink2URL"; Value = "http://industrial.panasonic.com/cdbs/www-data/pdf/RDA0000/AOA0000C86.pdf"; VariantName = "[No Variations]"
Change component parameters (AddParameter): Name = "DatasheetVersion"; Value = "04/2015"; VariantName = "[No Variations]"
Change component parameters (AddParameter): Name = "Height"; Value = "0.35 mm"; VariantName = "[No Variations]"
Change component parameters (AddParameter): Name = "Length"; Value = "1 mm"; VariantName = "[No Variations]"
Change component parameters (AddParameter): Name = "Max Operating Temperature"; Value = "155 degC"; VariantName = "[No Variations]"
Change component parameters (AddParameter): Name = "Min Operating Temperature"; Value = "-55 degC"; VariantName = "[No Variations]"
Change component parameters (AddParameter): Name = "Mount"; Value = "Surface Mount"; VariantName = "[No Variations]"
Change component parameters (AddParameter): Name = "Mounting Technology"; Value = "Surface Mount"; VariantName = "[No Variations]"
Change component parameters (AddParameter): Name = "Package Quantity"; Value = "1"; VariantName = "[No Variations]"
Change component parameters (AddParameter): Name = "PackageDescription"; Value = "2-Pin Surface Mount Device, Body 1 x 0.5 mm"; VariantName = "[No Variations]"
Change component parameters (AddParameter): Name = "PackageReference"; Value = "0402"; VariantName = "[No Variations]"
Change component parameters (AddParameter): Name = "Packaging"; Value = "Cut Tape"; VariantName = "[No Variations]"
Change component parameters (AddParameter): Name = "PartNumber"; Value = "ERJ-2RKF4701X"; VariantName = "[No Variations]"
Change component parameters (AddParameter): Name = "Pins"; Value = "2"; VariantName = "[No Variations]"
Change component parameters (AddParameter): Name = "Power Rating"; Value = "100 mW"; VariantName = "[No Variations]"
Change component parameters (AddParameter): Name = "Radiation Hardening"; Value = "No"; VariantName = "[No Variations]"
Change component parameters (AddParameter): Name = "REACH SVHC"; Value = "Yes"; VariantName = "[No Variations]"
Change component parameters (AddParameter): Name = "Resistance"; Value = "4.7 KOhm"; VariantName = "[No Variations]"
Change component parameters (AddParameter): Name = "RoHSCompliant"; Value = "true"; VariantName = "[No Variations]"
Change component parameters (AddParameter): Name = "Tolerance"; Value = "1%"; VariantName = "[No Variations]"
Change component parameters (AddParameter): Name = "Voltage Rating"; Value = "50 V"; VariantName = "[No Variations]"
Change component parameters (AddParameter): Name = "Width"; Value = "0.5 mm"; VariantName = "[No Variations]"
Added Pin To Net: NetName=VCC Pin=R3_MAHB-1
Added Pin To Net: NetName=VCC Pin=R3_MBHB-1
Added Pin To Net: NetName=NetD1_MAHB_1 Pin=R3_MAHB-2
Added Pin To Net: NetName=NetD1_MAHB_1 Pin=SI7655_MAHB-1
Added Pin To Net: NetName=NetD1_MAHB_1 Pin=SI7655_MAHB-2
Added Pin To Net: NetName=NetD1_MAHB_1 Pin=SI7655_MAHB-3
Added Net: Name=NetD1_MAHB_1
Added Pin To Net: NetName=NetD1_MAHB_2 Pin=SI7655_MAHB-4
Added Net: Name=NetD1_MAHB_2
Added Pin To Net: NetName=NetD1_MBHB_1 Pin=R3_MBHB-2
Added Pin To Net: NetName=NetD1_MBHB_1 Pin=SI7655_MBHB-1
Added Pin To Net: NetName=NetD1_MBHB_1 Pin=SI7655_MBHB-2
Added Pin To Net: NetName=NetD1_MBHB_1 Pin=SI7655_MBHB-3
Added Net: Name=NetD1_MBHB_1
Added Pin To Net: NetName=NetD1_MBHB_2 Pin=SI7655_MBHB-4
Added Net: Name=NetD1_MBHB_2
Added Net: Name=NetQ?_MAHB_1
Added Net: Name=NetQ?_MAHB_2
Added Net: Name=NetQ?_MAHB_3
Added Net: Name=NetQ?_MAHB_4
Added Net: Name=NetQ?_MAHB_5
Added Net: Name=NetQ?_MAHB_6
Added Net: Name=NetQ?_MAHB_7
Added Net: Name=NetQ?_MAHB_8
Added Net: Name=NetQ?_MBHB_1
Added Net: Name=NetQ?_MBHB_2
Added Net: Name=NetQ?_MBHB_3
Added Net: Name=NetQ?_MBHB_4
Added Net: Name=NetQ?_MBHB_5
Added Net: Name=NetQ?_MBHB_6
Added Net: Name=NetQ?_MBHB_7
Added Net: Name=NetQ?_MBHB_8
