
Importing C:\Users\Gabriel\OneDrive\Documentos\Trabalhos IME\Extras\RoboIME\SSL\SSL-Hardware\Motor_Driver_2021\PDNAnalyzer_Output\Motor_Driver_2021\MotorDriver\odb.tgz... [Tue Apr 26 14:17:30 2022]
============================================================
Reading ODB++ database ...

file not found: odb/misc/info.Z
Reading file odb/matrix/matrix...
Reading file odb/steps/pcb/profile...
Reading file odb/steps/pcb/eda/data...
Origin of ODB++ database:  Altium Designer file - Version 1.0.0.30000
eda data: 8 packages, 21 nets.
Reading file odb/steps/pcb/layers/top_solder/features...
49 SWHs on layer TOP_SOLDER

Reading file odb/steps/pcb/layers/top_layer/features...
100 SWHs on layer TOP_LAYER

Reading file odb/steps/pcb/layers/dielectric_1/features...
0 SWHs on layer DIELECTRIC_1

Reading file odb/steps/pcb/layers/bottom_layer/features...
98 SWHs on layer BOTTOM_LAYER

Reading file odb/steps/pcb/layers/bottom_solder/features...
49 SWHs on layer BOTTOM_SOLDER

Reading file odb/steps/pcb/layers/top_solder/attrlist...
Reading file odb/steps/pcb/layers/top_layer/attrlist...
Reading file odb/steps/pcb/layers/dielectric_1/attrlist...
Reading file odb/steps/pcb/layers/bottom_layer/attrlist...
Reading file odb/steps/pcb/layers/bottom_solder/attrlist...
WARNING: material values were set to default due to missing information for the following layers:  'TOP_SOLDER', 'TOP_LAYER', 'DIELECTRIC_1', 'BOTTOM_LAYER', 'BOTTOM_SOLDER'
parsing drills TOP_LAYER-BOTTOM_LAYER
Reading file odb/steps/pcb/layers/drill_plated_bottom-top/features...
Reading file odb/steps/pcb/layers/comp_+_top/components...
Reading file odb/steps/pcb/layers/comp_+_bot/components...
INFO: 1 duplicate vertices ignored
========================================
INFO: Created CSV file (C:\Users\Gabriel\OneDrive\Documentos\Trabalhos IME\Extras\RoboIME\SSL\SSL-Hardware\Motor_Driver_2021\PDNAnalyzer_Output\Motor_Driver_2021\MotorDriver\Results\tmp\design.csv) with component properties extracted from ODB++ file.
========================================
========================================
Lumped-element import (C:\Users\Gabriel\OneDrive\Documentos\Trabalhos IME\Extras\RoboIME\SSL\SSL-Hardware\Motor_Driver_2021\PDNAnalyzer_Output\Motor_Driver_2021\MotorDriver\Results\tmp\design.csv)...
Detected ' ; ' as separator.

Value-string translations:
	22032041 ->  22.032041000000003 uF (C)
WARNING: unable to interpret: CL05B104KO5NNNC
WARNING: unable to interpret: T491D475M050AT
WARNING: unable to interpret: IR4427STRPBF
WARNING: unable to interpret: CRCW0402330RFKED
WARNING: unable to interpret: ERJ-2RKF1500X
========================================
WARNING: There were some warnings while importing the auto-generated CSV-file 'C:\Users\Gabriel\OneDrive\Documentos\Trabalhos IME\Extras\RoboIME\SSL\SSL-Hardware\Motor_Driver_2021\PDNAnalyzer_Output\Motor_Driver_2021\MotorDriver\Results\tmp\design.csv'. Please review the auto-generated file under Parts Editor->Load (csv).
========================================
Unifying library padstacks...
Finished reading database.
============================================================
