Add Component: Footprint Not Found TMM-104-YY-XX-D-SM
Add Component: Footprint Not Found TMM-104-YY-XX-D-SM
Add Component: Footprint Not Found TMM-104-YY-XX-D-SM
Add Component: Footprint Not Found TMM-104-YY-XX-D-SM
Add Component: Footprint Not Found TMM-104-YY-XX-D-SM
Add Component: Footprint Not Found TMM-104-YY-XX-D-SM
Add Component: Footprint Not Found TMM-104-YY-XX-D-SM
Add Component: Footprint Not Found TMM-104-YY-XX-D-SM
Add Component: Footprint Not Found TMM-104-YY-XX-D-SM
Add Component: Footprint Not Found TMM-104-YY-XX-D-SM
Added Component: Designator=P1(My_1X04)
Add component (AddParameter): Name = "ASiD Part Number"; Value = "Header 4-AS"; VariantName = "[No Variations]"
Added Component: Designator=P2(My_1X04)
Add component (AddParameter): Name = "ASiD Part Number"; Value = "Header 4-AS"; VariantName = "[No Variations]"
Added Component: Designator=P3(My_1X04)
Add component (AddParameter): Name = "ASiD Part Number"; Value = "Header 4-AS"; VariantName = "[No Variations]"
Added Component: Designator=P4(My_1X04)
Add component (AddParameter): Name = "ASiD Part Number"; Value = "Header 4-AS"; VariantName = "[No Variations]"
Added Component: Designator=P5(My_1X04)
Add component (AddParameter): Name = "ASiD Part Number"; Value = "Header 4-AS"; VariantName = "[No Variations]"
Add Pin To Net: Unknown Pin: Pin J1-1
Add Pin To Net: Unknown Pin: Pin J1-3
Add Pin To Net: Unknown Pin: Pin J1-5
Add Pin To Net: Unknown Pin: Pin J1-7
Add Pin To Net: Unknown Pin: Pin J2-1
Add Pin To Net: Unknown Pin: Pin J2-3
Add Pin To Net: Unknown Pin: Pin J2-5
Add Pin To Net: Unknown Pin: Pin J2-7
Add Pin To Net: Unknown Pin: Pin J5-1
Add Pin To Net: Unknown Pin: Pin J5-3
Add Pin To Net: Unknown Pin: Pin J5-5
Add Pin To Net: Unknown Pin: Pin J5-7
Add Pin To Net: Unknown Pin: Pin J6-1
Add Pin To Net: Unknown Pin: Pin J6-3
Add Pin To Net: Unknown Pin: Pin J6-5
Add Pin To Net: Unknown Pin: Pin J6-7
Add Pin To Net: Unknown Pin: Pin J9-1
Add Pin To Net: Unknown Pin: Pin J9-3
Add Pin To Net: Unknown Pin: Pin J9-5
Add Pin To Net: Unknown Pin: Pin J9-7
Added Pin To Net: NetName=GND Pin=P1-3
Added Pin To Net: NetName=NetP1_4 Pin=P1-4
Added Pin To Net: NetName=GND Pin=P2-3
Added Pin To Net: NetName=NetP2_4 Pin=P2-4
Added Pin To Net: NetName=GND Pin=P3-3
Added Pin To Net: NetName=GND Pin=P4-3
Added Pin To Net: NetName=NetP5_1 Pin=P5-1
Added Pin To Net: NetName=NetP5_2 Pin=P5-2
Added Pin To Net: NetName=GND Pin=P5-3
Added Pin To Net: NetName=NetP5_4 Pin=P5-4
Added Net: Name=NetJ1_2
Added Net: Name=NetJ1_6
Added Net: Name=NetJ2_2
Added Net: Name=NetJ2_6
Added Net: Name=NetJ3_1
Added Net: Name=NetJ3_2
Added Net: Name=NetJ3_3
Added Net: Name=NetJ3_4
Added Net: Name=NetJ3_5
Added Net: Name=NetJ3_6
Added Net: Name=NetJ3_7
Added Net: Name=NetJ4_1
Added Net: Name=NetJ4_2
Added Net: Name=NetJ4_3
Added Net: Name=NetJ4_4
Added Net: Name=NetJ4_5
Added Net: Name=NetJ4_6
Added Net: Name=NetJ4_7
Added Net: Name=NetJ5_2
Added Net: Name=NetJ5_6
Added Net: Name=NetJ6_2
Added Net: Name=NetJ6_6
Added Net: Name=NetJ7_1
Added Net: Name=NetJ7_2
Added Net: Name=NetJ7_3
Added Net: Name=NetJ7_4
Added Net: Name=NetJ7_5
Added Net: Name=NetJ7_6
Added Net: Name=NetJ7_7
Added Net: Name=NetJ8_1
Added Net: Name=NetJ8_2
Added Net: Name=NetJ8_3
Added Net: Name=NetJ8_4
Added Net: Name=NetJ8_5
Added Net: Name=NetJ8_6
Added Net: Name=NetJ8_7
Added Net: Name=NetJ10_2
Added Net: Name=NetJ10_4
Added Net: Name=NetJ10_6
Added Net: Name=NetJ10_7
Added Pin To Net: NetName=NetP1_1 Pin=P1-1
Added Net: Name=NetP1_1
Added Pin To Net: NetName=NetP1_2 Pin=P1-2
Added Net: Name=NetP1_2
Added Pin To Net: NetName=NetP2_1 Pin=P2-1
Added Net: Name=NetP2_1
Added Pin To Net: NetName=NetP2_2 Pin=P2-2
Added Net: Name=NetP2_2
Added Pin To Net: NetName=NetP3_1 Pin=P3-1
Added Net: Name=NetP3_1
Added Pin To Net: NetName=NetP3_2 Pin=P3-2
Added Net: Name=NetP3_2
Added Pin To Net: NetName=NetP3_4 Pin=P3-4
Added Net: Name=NetP3_4
Added Pin To Net: NetName=NetP4_1 Pin=P4-1
Added Net: Name=NetP4_1
Added Pin To Net: NetName=NetP4_2 Pin=P4-2
Added Net: Name=NetP4_2
Added Pin To Net: NetName=NetP4_4 Pin=P4-4
Added Net: Name=NetP4_4
Add Class Member: Failed to add class member : Component J1 TMM-104-04-T-D-SM
Add Class Member: Failed to add class member : Component J2 TMM-104-04-T-D-SM
Add Class Member: Failed to add class member : Component J3 TMM-104-04-T-D-SM
Add Class Member: Failed to add class member : Component J4 TMM-104-04-T-D-SM
Add Class Member: Failed to add class member : Component J5 TMM-104-04-T-D-SM
Add Class Member: Failed to add class member : Component J6 TMM-104-04-T-D-SM
Add Class Member: Failed to add class member : Component J7 TMM-104-04-T-D-SM
Add Class Member: Failed to add class member : Component J8 TMM-104-04-T-D-SM
Add Class Member: Failed to add class member : Component J9 TMM-104-04-T-D-SM
Add Class Member: Failed to add class member : Component J10 TMM-104-04-T-D-SM
Added Member To Class: ClassName=ESC Member=Component P1 Header 3
Added Member To Class: ClassName=ESC Member=Component P2 Header 3
Added Member To Class: ClassName=ESC Member=Component P3 Header 3
Added Member To Class: ClassName=ESC Member=Component P4 Header 3
Added Member To Class: ClassName=ESC Member=Component P5 Header 3
