Replace Part C1 865080657018 in C:\Users\xboxw\Desktop\Nova pasta\SSL_Project_2024\SSL_Kicker\PCB_Project\Kicker.SchDoc with 865080657018 from roboime.SchLib
Replace Part C2 GRM21BR61H106KE43L in C:\Users\xboxw\Desktop\Nova pasta\SSL_Project_2024\SSL_Kicker\PCB_Project\Kicker.SchDoc with GRM21BR61H106KE43L from roboime.SchLib
Replace Part C3 GRM21BR61H106KE43L in C:\Users\xboxw\Desktop\Nova pasta\SSL_Project_2024\SSL_Kicker\PCB_Project\Kicker.SchDoc with GRM21BR61H106KE43L from roboime.SchLib
Replace Part C4 GRM21BR61H106KE43L in C:\Users\xboxw\Desktop\Nova pasta\SSL_Project_2024\SSL_Kicker\PCB_Project\Kicker.SchDoc with GRM21BR61H106KE43L from roboime.SchLib
Replace Part C5 GRM21BR61H106KE43L in C:\Users\xboxw\Desktop\Nova pasta\SSL_Project_2024\SSL_Kicker\PCB_Project\Kicker.SchDoc with GRM21BR61H106KE43L from roboime.SchLib
Replace Part C6 GRM21BR61H106KE43L in C:\Users\xboxw\Desktop\Nova pasta\SSL_Project_2024\SSL_Kicker\PCB_Project\Kicker.SchDoc with GRM21BR61H106KE43L from roboime.SchLib
Replace Part C7 GRM21BR61H106KE43L in C:\Users\xboxw\Desktop\Nova pasta\SSL_Project_2024\SSL_Kicker\PCB_Project\Kicker.SchDoc with GRM21BR61H106KE43L from roboime.SchLib
Replace Part C8 C0603C104K1RACAUTO in C:\Users\xboxw\Desktop\Nova pasta\SSL_Project_2024\SSL_Kicker\PCB_Project\Kicker.SchDoc with C0603C104K1RACAUTO from roboime.SchLib
Update Managed Component C9 From CMP-1036-04916-1[100nF] To CMP-1036-04916-1[CAP 10uF 6.3V 0805(2012)] in Kicker.SchDoc
Update Managed Component C10 From CMP-1036-04916-1[10uF] To CMP-1036-04916-1[CAP 10uF 6.3V 0805(2012)] in Kicker.SchDoc
Update Managed Component C11 From CMP-1036-04916-1[4.7uF] To CMP-1036-04916-1[CAP 10uF 6.3V 0805(2012)] in Kicker.SchDoc
Update Managed Component C12 From CMP-2000-07373-2[UWT1H101MNL1GS] To CMP-2000-07373-2[UWT1H101MNL1GS] in Kicker.SchDoc
Update Managed Component C13 From CMP-2000-06324-3[GMK316AB7106KL-TR] To CMP-2000-06324-3[GMK316AB7106KL-TR] in Kicker.SchDoc
Replace Part D1 ES3J in C:\Users\xboxw\Desktop\Nova pasta\SSL_Project_2024\SSL_Kicker\PCB_Project\Kicker.SchDoc with ES3J from roboime.SchLib
Replace Part D2 ES3J in C:\Users\xboxw\Desktop\Nova pasta\SSL_Project_2024\SSL_Kicker\PCB_Project\Kicker.SchDoc with ES3J from roboime.SchLib
Replace Part D3 ES3J in C:\Users\xboxw\Desktop\Nova pasta\SSL_Project_2024\SSL_Kicker\PCB_Project\Kicker.SchDoc with ES3J from roboime.SchLib
Update Managed Component D4 From CMP-1182-00023-1[BAS40] To CMP-1182-00023-1[BAS40] in Kicker.SchDoc
Replace Part IC1 LT3751EFETRPBF in C:\Users\xboxw\Desktop\Nova pasta\SSL_Project_2024\SSL_Kicker\PCB_Project\Kicker.SchDoc with LT3751EFETRPBF from roboime.SchLib
Replace Part IC2 FDS2582 in C:\Users\xboxw\Desktop\Nova pasta\SSL_Project_2024\SSL_Kicker\PCB_Project\Kicker.SchDoc with FDS2582 from roboime.SchLib
Replace Part IC3 TPS563300DRLR in C:\Users\xboxw\Desktop\Nova pasta\SSL_Project_2024\SSL_Kicker\PCB_Project\Kicker.SchDoc with TPS563300DRLR from roboime.SchLib
Replace Part J1 XT30PW-M in C:\Users\xboxw\Desktop\Nova pasta\SSL_Project_2024\SSL_Kicker\PCB_Project\Kicker.SchDoc with XT30PW-M from roboime.SchLib
Replace Part J2 XT30PW-M in C:\Users\xboxw\Desktop\Nova pasta\SSL_Project_2024\SSL_Kicker\PCB_Project\Kicker.SchDoc with XT30PW-M from roboime.SchLib
Replace Part J3 XT30PW-M in C:\Users\xboxw\Desktop\Nova pasta\SSL_Project_2024\SSL_Kicker\PCB_Project\Kicker.SchDoc with XT30PW-M from roboime.SchLib
Replace Part J4 XT30PW-M in C:\Users\xboxw\Desktop\Nova pasta\SSL_Project_2024\SSL_Kicker\PCB_Project\Kicker.SchDoc with XT30PW-M from roboime.SchLib
Replace Part J5 172447-0608 in C:\Users\xboxw\Desktop\Nova pasta\SSL_Project_2024\SSL_Kicker\PCB_Project\Kicker.SchDoc with 172447-0608 from roboime.SchLib
Replace Part L1 SRU1048-120Y in C:\Users\xboxw\Desktop\Nova pasta\SSL_Project_2024\SSL_Kicker\PCB_Project\Kicker.SchDoc with SRU1048-120Y from roboime.SchLib
Replace Part LED1 SM0805HCL in C:\Users\xboxw\Desktop\Nova pasta\SSL_Project_2024\SSL_Kicker\PCB_Project\Kicker.SchDoc with SM0805HCL from roboime.SchLib
Replace Part Q1 IKB40N65ES5ATMA1 in C:\Users\xboxw\Desktop\Nova pasta\SSL_Project_2024\SSL_Kicker\PCB_Project\Kicker.SchDoc with IKB40N65ES5ATMA1 from roboime.SchLib
Replace Part Q2 IKB40N65ES5ATMA1 in C:\Users\xboxw\Desktop\Nova pasta\SSL_Project_2024\SSL_Kicker\PCB_Project\Kicker.SchDoc with IKB40N65ES5ATMA1 from roboime.SchLib
Replace Part Q3 HCPL-817-300E in C:\Users\xboxw\Desktop\Nova pasta\SSL_Project_2024\SSL_Kicker\PCB_Project\Kicker.SchDoc with HCPL-817-300E from roboime.SchLib
Replace Part Q4 HCPL-817-300E in C:\Users\xboxw\Desktop\Nova pasta\SSL_Project_2024\SSL_Kicker\PCB_Project\Kicker.SchDoc with HCPL-817-300E from roboime.SchLib
Replace Part R1 ERJ-U03F2492V in C:\Users\xboxw\Desktop\Nova pasta\SSL_Project_2024\SSL_Kicker\PCB_Project\Kicker.SchDoc with ERJ-U03F2492V from roboime.SchLib
Replace Part R2 CPF0603F100KC1 in C:\Users\xboxw\Desktop\Nova pasta\SSL_Project_2024\SSL_Kicker\PCB_Project\Kicker.SchDoc with CPF0603F100KC1 from roboime.SchLib
Replace Part R3 ERJ-UP3F1333V in C:\Users\xboxw\Desktop\Nova pasta\SSL_Project_2024\SSL_Kicker\PCB_Project\Kicker.SchDoc with ERJ-UP3F1333V from roboime.SchLib
Replace Part R4 ERJ-UP3F1333V in C:\Users\xboxw\Desktop\Nova pasta\SSL_Project_2024\SSL_Kicker\PCB_Project\Kicker.SchDoc with ERJ-UP3F1333V from roboime.SchLib
Replace Part R6 ERJ-U03F2492V in C:\Users\xboxw\Desktop\Nova pasta\SSL_Project_2024\SSL_Kicker\PCB_Project\Kicker.SchDoc with ERJ-U03F2492V from roboime.SchLib
Replace Part R7 CHP0603QFX-1001ELF in C:\Users\xboxw\Desktop\Nova pasta\SSL_Project_2024\SSL_Kicker\PCB_Project\Kicker.SchDoc with CHP0603QFX-1001ELF from roboime.SchLib
Replace Part R8 ERJ-U03F2492V in C:\Users\xboxw\Desktop\Nova pasta\SSL_Project_2024\SSL_Kicker\PCB_Project\Kicker.SchDoc with ERJ-U03F2492V from roboime.SchLib
Update Managed Component R10 From CMP-1012-00567-3[RC0603FR-073K3L] To CMP-1012-00567-3[RC0603FR-073K3L] in Kicker.SchDoc
Update Managed Component R11 From CMP-1012-00470-2[CRCW0603442RFKEA] To CMP-1012-00470-2[CRCW0603442RFKEA] in Kicker.SchDoc
Update Managed Component R12 From CMP-1012-00470-2[CRCW0603442RFKEA] To CMP-1012-00470-2[CRCW0603442RFKEA] in Kicker.SchDoc
Update Managed Component R13 From CMP-1012-00567-3[RC0603FR-073K3L] To CMP-1012-00567-3[RC0603FR-073K3L] in Kicker.SchDoc
Update Managed Component R14 From CMP-2001-03804-2[140K] To CMP-2001-03804-2[CRCW080530K0FKEA] in Kicker.SchDoc
Update Managed Component R15 From CMP-2001-04908-2[10K] To CMP-2001-04908-2[CRCW080510K0FKEA] in Kicker.SchDoc
Replace Part S1 430133050816 in C:\Users\xboxw\Desktop\Nova pasta\SSL_Project_2024\SSL_Kicker\PCB_Project\Kicker.SchDoc with 430133050816 from roboime.SchLib
Replace Part S2 430133050816 in C:\Users\xboxw\Desktop\Nova pasta\SSL_Project_2024\SSL_Kicker\PCB_Project\Kicker.SchDoc with 430133050816 from roboime.SchLib
Replace Part S3 430133050816 in C:\Users\xboxw\Desktop\Nova pasta\SSL_Project_2024\SSL_Kicker\PCB_Project\Kicker.SchDoc with 430133050816 from roboime.SchLib
Replace Part T1 DA2034-ALD in C:\Users\xboxw\Desktop\Nova pasta\SSL_Project_2024\SSL_Kicker\PCB_Project\Kicker.SchDoc with DA2034-ALD from roboime.SchLib
Update Managed Component U1 From CMP-32851-000176-1[IR4426SPBF] To CMP-32851-000176-1[IR4426SPBF] in Kicker.SchDoc
