Change Physical Footprint: Designator=C12 Old Footprint=FP-UWT1H101MNL1GS-MFG New Footprint=FP-UWT1H101MNL1GS-MFG
Change Physical Footprint: Designator=C13 Old Footprint=FP-1206-L_3_2_0_2-W_1_6_0-IPC_C New Footprint=FP-1206-L_3_2_0_2-W_1_6_0-IPC_C
Change Physical Footprint: Designator=D1 Old Footprint=Diode New Footprint=Diode
Change Physical Footprint: Designator=D2 Old Footprint=Diode New Footprint=Diode
Change Physical Footprint: Designator=D3 Old Footprint=Diode New Footprint=Diode
Change Physical Footprint: Designator=IC3 Old Footprint=SOTFL50P160X60-8N New Footprint=SOTFL50P160X60-8N
Change Physical Footprint: Designator=J1 Old Footprint=AMASS_XT30PW-M New Footprint=AMASS_XT30PW-M
Change Physical Footprint: Designator=J2 Old Footprint=AMASS_XT30PW-M New Footprint=AMASS_XT30PW-M
Change Physical Footprint: Designator=J3 Old Footprint=AMASS_XT30PW-M New Footprint=AMASS_XT30PW-M
Change Physical Footprint: Designator=J4 Old Footprint=AMASS_XT30PW-M New Footprint=AMASS_XT30PW-M
Change Physical Footprint: Designator=J5 Old Footprint=172447-YY08 New Footprint=172447-YY08
Change Physical Footprint: Designator=L1 Old Footprint=INDP100100X51N New Footprint=INDP100100X51N
Change Physical Footprint: Designator=LED1 Old Footprint=LEDC2012X105N New Footprint=LEDC2012X105N
Change Physical Footprint: Designator=Q1 Old Footprint=BTS141TCBUMA1 New Footprint=BTS141TCBUMA1
Change Physical Footprint: Designator=Q2 Old Footprint=BTS141TCBUMA1 New Footprint=BTS141TCBUMA1
Change Physical Footprint: Designator=Q3 Old Footprint=HCPL-817-300 New Footprint=HCPL-817-300
Change Physical Footprint: Designator=Q4 Old Footprint=HCPL-817-300 New Footprint=HCPL-817-300
Change Physical Footprint: Designator=R11 Old Footprint=RESC1609X50X30ML10T20 New Footprint=RESC1609X50X30ML10T20
Change Physical Footprint: Designator=R14 Old Footprint=FP-CRCW0805-e3-MFG New Footprint=FP-CRCW0805-e3-MFG
Change Physical Footprint: Designator=R15 Old Footprint=FP-CRCW0805-e3-IPC_A New Footprint=FP-CRCW0805-e3-IPC_A
Change Physical Footprint: Designator=U1 Old Footprint=FP-PG-DSO-8-MFG New Footprint=FP-PG-DSO-8-MFG
