Change Pin Designator/Name:  Old Designator=U1A-CN11_9 Old Name=PF6 New Designator =PC1 New Name=CN11_36
Change Pin Designator/Name:  Old Designator=U1A-CN11_11 Old Name=PF7 New Designator =PF6 New Name=CN11_9
Change Pin Designator/Name:  Old Designator=U1A-CN11_36 Old Name=PC1 New Designator =PC3 New Name=CN11_37
Change Pin Designator/Name:  Old Designator=U1A-CN11_37 Old Name=PC3 New Designator =PF9 New Name=CN11_56
Change Pin Designator/Name:  Old Designator=U1A-CN11_41 Old Name=PD5 New Designator =PG13 New Name=CN11_68
Change Pin Designator/Name:  Old Designator=U1A-CN11_50 Old Name=PE5 New Designator =PA2 New Name=CN12_35
Change Pin Designator/Name:  Old Designator=U1A-CN11_56 Old Name=PF9 New Designator =PB8 New Name=CN12_3
Change Pin Designator/Name:  Old Designator=U1A-CN11_65 Old Name=PG12 New Designator =PG11 New Name=CN11_70
Change Pin Designator/Name:  Old Designator=U1A-CN11_68 Old Name=PG13 New Designator =PG12 New Name=CN11_65
Change Pin Designator/Name:  Old Designator=U1A-CN11_70 Old Name=PG11 New Designator =PE7 New Name=CN12_44
Change Pin Designator/Name:  Old Designator=U1B-CN12_3 Old Name=PB8 New Designator =PE14 New Name=CN12_51
Change Pin Designator/Name:  Old Designator=U1B-CN12_35 Old Name=PA2 New Designator =PD5 New Name=CN11_41
Change Pin Designator/Name:  Old Designator=U1B-CN12_36 Old Name=PF5 New Designator =PF3 New Name=CN12_58
Change Pin Designator/Name:  Old Designator=U1B-CN12_41 Old Name=PD13 New Designator =PD12 New Name=CN12_43
Change Pin Designator/Name:  Old Designator=U1B-CN12_43 Old Name=PD12 New Designator =PD13 New Name=CN12_41
Change Pin Designator/Name:  Old Designator=U1B-CN12_44 Old Name=PE7 New Designator =PF7 New Name=CN11_11
Change Pin Designator/Name:  Old Designator=U1B-CN12_47 Old Name=PE10 New Designator =PE13 New Name=CN12_55
Change Pin Designator/Name:  Old Designator=U1B-CN12_51 Old Name=PE14 New Designator =PE5 New Name=CN11_50
Change Pin Designator/Name:  Old Designator=U1B-CN12_55 Old Name=PE13 New Designator =PE10 New Name=CN12_47
Change Pin Designator/Name:  Old Designator=U1B-CN12_58 Old Name=PF3 New Designator =PF5 New Name=CN12_36
