Change Physical Footprint: Designator=C1 Old Footprint=FP-1206-L_3_2_0_2-W_1_6_0-IPC_C New Footprint=FP-1206-L_3_2_0_2-W_1_6_0-IPC_C
Change Physical Footprint: Designator=C2 Old Footprint=FP-UWT1H101MNL1GS-MFG New Footprint=FP-UWT1H101MNL1GS-MFG
Change Physical Footprint: Designator=C6 Old Footprint=FP-1206-L_3_2_0_2-W_1_6_0-IPC_C New Footprint=FP-1206-L_3_2_0_2-W_1_6_0-IPC_C
Change Physical Footprint: Designator=C7 Old Footprint=FP-UWT1H101MNL1GS-MFG New Footprint=FP-UWT1H101MNL1GS-MFG
Change Physical Footprint: Designator=C11 Old Footprint=FP-C0805C-DN-MFG New Footprint=FP-C0805C-DN-MFG
Change Physical Footprint: Designator=IC1 Old Footprint=SOTFL50P160X60-8N New Footprint=SOTFL50P160X60-8N
Change Physical Footprint: Designator=IC2 Old Footprint=SOTFL50P160X60-8N New Footprint=SOTFL50P160X60-8N
Change Physical Footprint: Designator=IC3 Old Footprint=LGA-14(2.5X3X0.86) New Footprint=LGA-14(2.5X3X0.86)
Change Physical Footprint: Designator=J2 Old Footprint=172447_94959697_02 New Footprint=172447_94959697_02
Change Physical Footprint: Designator=J3 Old Footprint=172447_94959697_02 New Footprint=172447_94959697_02
Change Physical Footprint: Designator=J5 Old Footprint=105310YY04_3 New Footprint=105310YY04_3
Change Physical Footprint: Designator=J6 Old Footprint=1053101110 New Footprint=1053101110
Change Physical Footprint: Designator=J7 Old Footprint=1053101110 New Footprint=1053101110
Change Physical Footprint: Designator=J8 Old Footprint=1053101110 New Footprint=1053101110
Change Physical Footprint: Designator=J10 Old Footprint=1053101110 New Footprint=1053101110
Change Physical Footprint: Designator=J14 Old Footprint=CLT-104-02-G-D-TR New Footprint=CLT-104-02-G-D-TR
Change Physical Footprint: Designator=J15 Old Footprint=CLT-104-02-G-D-TR New Footprint=CLT-104-02-G-D-TR
Change Physical Footprint: Designator=J16 Old Footprint=CLT-104-02-G-D-TR New Footprint=CLT-104-02-G-D-TR
Change Physical Footprint: Designator=J17 Old Footprint=CLT-104-02-G-D-TR New Footprint=CLT-104-02-G-D-TR
Change Physical Footprint: Designator=J18 Old Footprint=CLT-104-02-G-D-TR New Footprint=CLT-104-02-G-D-TR
Change Physical Footprint: Designator=J19 Old Footprint=CLT-104-02-G-D-TR New Footprint=CLT-104-02-G-D-TR
Change Physical Footprint: Designator=J20 Old Footprint=CLT-104-02-G-D-TR New Footprint=CLT-104-02-G-D-TR
Change Physical Footprint: Designator=J21 Old Footprint=CLT-104-02-G-D-TR New Footprint=CLT-104-02-G-D-TR
Change Physical Footprint: Designator=J22 Old Footprint=CLT-104-02-G-D-TR New Footprint=CLT-104-02-G-D-TR
Change Physical Footprint: Designator=J23 Old Footprint=CLT-104-02-G-D-TR New Footprint=CLT-104-02-G-D-TR
Change Physical Footprint: Designator=L1 Old Footprint=CLF7045-D New Footprint=CLF7045-D
Change Physical Footprint: Designator=L2 Old Footprint=FP-CLF7045-MFG New Footprint=FP-CLF7045-MFG
Change Physical Footprint: Designator=LS1 Old Footprint=PS1240P02BT New Footprint=PS1240P02BT
Change Physical Footprint: Designator=P1 Old Footprint=OLED New Footprint=OLED
Change Physical Footprint: Designator=R4 Old Footprint=FP-CRCW0603-e3-IPC_A New Footprint=FP-CRCW0603-e3-IPC_A
Change Physical Footprint: Designator=R5 Old Footprint=FP-CRCW0603-e3-IPC_A New Footprint=FP-CRCW0603-e3-IPC_A
Change Physical Footprint: Designator=R6 Old Footprint=FP-CRCW0603-e3-IPC_A New Footprint=FP-CRCW0603-e3-IPC_A
Change Physical Footprint: Designator=R7 Old Footprint=FP-CRCW0603-e3-IPC_A New Footprint=FP-CRCW0603-e3-IPC_A
Change Physical Footprint: Designator=R8 Old Footprint=RESC1608X55N New Footprint=RESC1608X55N
Change Physical Footprint: Designator=R9 Old Footprint=ERJUP3 New Footprint=ERJUP3
Change Physical Footprint: Designator=R10 Old Footprint=RESC1608X55N New Footprint=RESC1608X55N
Change Physical Footprint: Designator=R11 Old Footprint=RESC1608X55N New Footprint=RESC1608X55N
Change Physical Footprint: Designator=R12 Old Footprint=FP-CR0603-MFG New Footprint=FP-CR0603-MFG
Change Physical Footprint: Designator=R13 Old Footprint=ERJUP3 New Footprint=ERJUP3
Change Physical Footprint: Designator=R15 Old Footprint=RESC1608X55N New Footprint=RESC1608X55N
Change Physical Footprint: Designator=R16 Old Footprint=RESC1608X55N New Footprint=RESC1608X55N
Change Physical Footprint: Designator=R17 Old Footprint=RESC1608X55N New Footprint=RESC1608X55N
Change Physical Footprint: Designator=R19 Old Footprint=RESC1608X55N New Footprint=RESC1608X55N
Change Physical Footprint: Designator=R20 Old Footprint=RESC1608X55N New Footprint=RESC1608X55N
Change Physical Footprint: Designator=R24 Old Footprint=RESC1608X55N New Footprint=RESC1608X55N
Change Physical Footprint: Designator=R25 Old Footprint=RESC1608X55N New Footprint=RESC1608X55N
Change Physical Footprint: Designator=R26 Old Footprint=RESC1608X55N New Footprint=RESC1608X55N
Change Physical Footprint: Designator=R27 Old Footprint=RESC1608X55N New Footprint=RESC1608X55N
Change Physical Footprint: Designator=S4 Old Footprint=A6FR5101 New Footprint=A6FR5101
