Removed Pin From Net: NetName=NetJ6_5 Pin=J16-01
Removed Pin From Net: NetName=NetJ6_4 Pin=J16-03
Removed Pin From Net: NetName=NetJ6_3 Pin=J16-05
Removed Pin From Net: NetName=NetJ7_3 Pin=J17-01
Removed Pin From Net: NetName=NetJ7_4 Pin=J17-03
Removed Pin From Net: NetName=NetJ7_5 Pin=J17-05
Removed Pin From Net: NetName=NetJ8_3 Pin=J22-01
Removed Pin From Net: NetName=NetJ8_4 Pin=J22-03
Removed Pin From Net: NetName=NetJ8_5 Pin=J22-05
Removed Pin From Net: NetName=NetJ10_3 Pin=J23-01
Removed Pin From Net: NetName=NetJ10_4 Pin=J23-03
Removed Pin From Net: NetName=NetJ10_5 Pin=J23-05
Change Component Designator: OldDesignator=321S4 NewDesignator=S4
Change Component Library : Designator=S4 Old Library=* New Library=roboime.SchLib
Added Pin To Net: NetName=NetJ6_3 Pin=J16-03
Added Pin To Net: NetName=NetJ6_4 Pin=J16-05
Added Pin To Net: NetName=NetJ6_5 Pin=J16-07
Added Pin To Net: NetName=NetJ7_5 Pin=J17-03
Added Pin To Net: NetName=NetJ7_4 Pin=J17-05
Added Pin To Net: NetName=NetJ7_3 Pin=J17-07
Added Pin To Net: NetName=NetJ8_5 Pin=J22-03
Added Pin To Net: NetName=NetJ8_4 Pin=J22-05
Added Pin To Net: NetName=NetJ8_3 Pin=J22-07
Added Pin To Net: NetName=NetJ10_5 Pin=J23-03
Added Pin To Net: NetName=NetJ10_4 Pin=J23-05
Added Pin To Net: NetName=NetJ10_3 Pin=J23-07
Add Pin To Net: Unknown Pin: Pin LS1-
Added Pin To Net: NetName=NetJ16_01 Pin=J16-01
Added Pin To Net: NetName=NetJ16_01 Pin=U1-CN12_52
Added Net: Name=NetJ16_01
Added Pin To Net: NetName=NetJ19_01 Pin=J19-01
Added Pin To Net: NetName=NetJ19_01 Pin=U1-CN12_3
Added Net: Name=NetJ19_01
Added Pin To Net: NetName=NetJ22_01 Pin=J22-01
Added Pin To Net: NetName=NetJ22_01 Pin=U1-CN12_56
Added Net: Name=NetJ22_01
Added Pin To Net: NetName=NetJ23_01 Pin=J23-01
Added Pin To Net: NetName=NetJ23_01 Pin=U1-CN11_50
Added Net: Name=NetJ23_01
Added Pin To Net: NetName=NetU1_CN12_47 Pin=U1-CN12_47
Added Net: Name=NetU1_CN12_47
Added Member To Class: ClassName=PowerSupply Member=Component C1 GMK316AB7106KL-TR
Added Member To Class: ClassName=PowerSupply Member=Component C2 UWT1H101MNL1GS
Added Member To Class: ClassName=PowerSupply Member=Component C3 100nF
Added Member To Class: ClassName=PowerSupply Member=Component C4 22uF
Added Member To Class: ClassName=PowerSupply Member=Component C5 22uF
Added Member To Class: ClassName=PowerSupply Member=Component C6 GMK316AB7106KL-TR
Added Member To Class: ClassName=PowerSupply Member=Component C7 UWT1H101MNL1GS
Added Member To Class: ClassName=PowerSupply Member=Component C8 100nF
Added Member To Class: ClassName=PowerSupply Member=Component C9 10uF
Added Member To Class: ClassName=PowerSupply Member=Component C10 10uF
Added Member To Class: ClassName=PowerSupply Member=Component IC1 TPS563300DRLR
Added Member To Class: ClassName=PowerSupply Member=Component IC2 TPS563300DRLR
Added Member To Class: ClassName=Peripherals Member=Component IC4 PCF8574APWR
Added Member To Class: ClassName=PowerSupply Member=Component L1 CLF7045T-4R7N-D
Added Member To Class: ClassName=PowerSupply Member=Component L2 CLF7045T-6R8N-D
Added Member To Class: ClassName=Main Member=Component R1 CPF0603F63K4C1
Added Member To Class: ClassName=PowerSupply Member=Component R2 RT0603BRE075KL
Added Member To Class: ClassName=PowerSupply Member=Component R3 CRCW060310K0FKEA
Added Member To Class: ClassName=PowerSupply Member=Component R4 CRCW060330K0FKTA
Added Member To Class: ClassName=PowerSupply Member=Component R5 CRCW060310K0FKEA
Added Member To Class: ClassName=PowerSupply Member=Component R6 CRCW060352K3FKEA
Added Member To Class: ClassName=PowerSupply Member=Component R7 CRCW060310K0FKEA
Added Member To Class: ClassName=Peripherals Member=Component R8 CRCW08054K70JNEA
Added Member To Class: ClassName=Peripherals Member=Component R9 ERJ-UP3D4702V
Added Member To Class: ClassName=Peripherals Member=Component R10 AC0805JR-074K7L
Added Member To Class: ClassName=Peripherals Member=Component R11 CRCW08054K70JNEA
Added Member To Class: ClassName=Peripherals Member=Component R12 CR0603-FX-34R0ELF
Added Member To Class: ClassName=Peripherals Member=Component R17 CRCW08054K70JNEA
Added Member To Class: ClassName=Main Member=Component R18 10K
Added Member To Class: ClassName=Main Member=Component R19 CRG0603F100K
Added Member To Class: ClassName=Peripherals Member=Component R21 CRCW0603130RFKEA
Added Member To Class: ClassName=Peripherals Member=Component R22 CRCW060310R0FKEA
Added Member To Class: ClassName=Peripherals Member=Component R23 CRCW060310R0FKEA
Added Member To Class: ClassName=Peripherals Member=Component R24 CRCW08054K70JNEA
Added Member To Class: ClassName=Peripherals Member=Component R25 CRCW08054K70JNEA
Added Member To Class: ClassName=Peripherals Member=Component R26 CRCW08054K70JNEA
Added Member To Class: ClassName=Peripherals Member=Component R27 CRCW08054K70JNEA
Added Member To Class: ClassName=Peripherals Member=Component R28 CRCW08054K70JNEA
Added Member To Class: ClassName=PowerSupply Member=Component U2 SQJQ141EL-T1_GE3
