Removed Pin From Net: NetName=NetIC4_10 Pin=IC4-11
Removed Pin From Net: NetName=NetIC4_10 Pin=IC4-12
Removed Pin From Net: NetName=NetIC4_10 Pin=IC4-14
Removed Pin From Net: NetName=NetIC4_10 Pin=IC4-16
Removed Pin From Net: NetName=NetIC4_10 Pin=R25-2
Removed Pin From Net: NetName=NetIC4_10 Pin=R26-2
Removed Pin From Net: NetName=NetIC4_10 Pin=R27-2
Removed Pin From Net: NetName=NetIC4_10 Pin=R28-2
Removed Pin From Net: NetName=NetIC4_10 Pin=S4-2
Removed Pin From Net: NetName=NetIC4_10 Pin=S4-3
Removed Pin From Net: NetName=NetIC4_10 Pin=S4-4
Removed Pin From Net: NetName=NetIC4_10 Pin=S4-5
Added Pin To Net: NetName=NetIC4_11 Pin=IC4-11
Added Pin To Net: NetName=NetIC4_11 Pin=R25-2
Added Pin To Net: NetName=NetIC4_11 Pin=S4-2
Added Net: Name=NetIC4_11
Added Pin To Net: NetName=NetIC4_12 Pin=IC4-12
Added Pin To Net: NetName=NetIC4_12 Pin=R26-2
Added Pin To Net: NetName=NetIC4_12 Pin=S4-3
Added Net: Name=NetIC4_12
Added Pin To Net: NetName=NetIC4_14 Pin=IC4-14
Added Pin To Net: NetName=NetIC4_14 Pin=R27-2
Added Pin To Net: NetName=NetIC4_14 Pin=S4-4
Added Net: Name=NetIC4_14
Added Pin To Net: NetName=NetIC4_16 Pin=IC4-16
Added Pin To Net: NetName=NetIC4_16 Pin=R28-2
Added Pin To Net: NetName=NetIC4_16 Pin=S4-5
Added Net: Name=NetIC4_16
