Update Managed Component C11 From CMP-03020-032188-1[C0805C104J8RACTU] To CMP-03020-032188-1[C0805C104J8RACTU] in Peripherals.SchDoc
Replace Part IC3 LSM6DS3TR-C in C:\Users\xboxw\Desktop\HARDWARE_NEW\SSL_Project_2024\SSL_Motherboard_2024\Peripherals.SchDoc with LSM6DS3TR-C from roboime.SchLib
Replace Part IC4 PCF8574APWR in C:\Users\xboxw\Desktop\HARDWARE_NEW\SSL_Project_2024\SSL_Motherboard_2024\Peripherals.SchDoc with PCF8574APWR from roboime.SchLib
Replace Part J2 1724479602 in C:\Users\xboxw\Desktop\HARDWARE_NEW\SSL_Project_2024\SSL_Motherboard_2024\Peripherals.SchDoc with 1724479602 from roboime.SchLib
Replace Part J3 1724479602 in C:\Users\xboxw\Desktop\HARDWARE_NEW\SSL_Project_2024\SSL_Motherboard_2024\Peripherals.SchDoc with 1724479602 from roboime.SchLib
Replace Part LED1 150505M173300 in C:\Users\xboxw\Desktop\HARDWARE_NEW\SSL_Project_2024\SSL_Motherboard_2024\Peripherals.SchDoc with 150505M173300 from roboime.SchLib
Replace Part LS1 PS1240P02BT in C:\Users\xboxw\Desktop\HARDWARE_NEW\SSL_Project_2024\SSL_Motherboard_2024\Peripherals.SchDoc with PS1240P02BT from roboime.SchLib
Replace Part MD1 E28-2G4M27S in C:\Users\xboxw\Desktop\HARDWARE_NEW\SSL_Project_2024\SSL_Motherboard_2024\Peripherals.SchDoc with E28-2G4M27S from roboime.SchLib
Replace Part MD2 E28-2G4M27S in C:\Users\xboxw\Desktop\HARDWARE_NEW\SSL_Project_2024\SSL_Motherboard_2024\Peripherals.SchDoc with E28-2G4M27S from roboime.SchLib
Replace Part P1 Header Display OLED in C:\Users\xboxw\Desktop\HARDWARE_NEW\SSL_Project_2024\SSL_Motherboard_2024\Peripherals.SchDoc with Header Display OLED from roboime.SchLib
Replace Part Q2 DTC143ZUBTL in C:\Users\xboxw\Desktop\HARDWARE_NEW\SSL_Project_2024\SSL_Motherboard_2024\Peripherals.SchDoc with DTC143ZUBTL from roboime.SchLib
Replace Part R8 CRCW06034R70FKEAHP in C:\Users\xboxw\Desktop\HARDWARE_NEW\SSL_Project_2024\SSL_Motherboard_2024\Peripherals.SchDoc with CRCW06034R70FKEAHP from roboime.SchLib
Replace Part R9 ERJ-UP3D4702V in C:\Users\xboxw\Desktop\HARDWARE_NEW\SSL_Project_2024\SSL_Motherboard_2024\Peripherals.SchDoc with ERJ-UP3D4702V from roboime.SchLib
Replace Part R10 CRCW06034R70FKEAHP in C:\Users\xboxw\Desktop\HARDWARE_NEW\SSL_Project_2024\SSL_Motherboard_2024\Peripherals.SchDoc with CRCW06034R70FKEAHP from roboime.SchLib
Replace Part R11 CRCW06034R70FKEAHP in C:\Users\xboxw\Desktop\HARDWARE_NEW\SSL_Project_2024\SSL_Motherboard_2024\Peripherals.SchDoc with CRCW06034R70FKEAHP from roboime.SchLib
Update Managed Component R12 From CMP-1012-00343-2[CR0603-FX-34R0ELF] To CMP-1012-00343-2[CR0603-FX-34R0ELF] in Peripherals.SchDoc
Replace Part R13 ERJ-UP3D4702V in C:\Users\xboxw\Desktop\HARDWARE_NEW\SSL_Project_2024\SSL_Motherboard_2024\Peripherals.SchDoc with ERJ-UP3D4702V from roboime.SchLib
Replace Part R14 CPF-A-0603B1K0E1 in C:\Users\xboxw\Desktop\HARDWARE_NEW\SSL_Project_2024\SSL_Motherboard_2024\Peripherals.SchDoc with CPF-A-0603B1K0E1 from roboime.SchLib
Replace Part R15 CRCW06034R70FKEAHP in C:\Users\xboxw\Desktop\HARDWARE_NEW\SSL_Project_2024\SSL_Motherboard_2024\Peripherals.SchDoc with CRCW06034R70FKEAHP from roboime.SchLib
Replace Part R16 CRCW06034R70FKEAHP in C:\Users\xboxw\Desktop\HARDWARE_NEW\SSL_Project_2024\SSL_Motherboard_2024\Peripherals.SchDoc with CRCW06034R70FKEAHP from roboime.SchLib
Replace Part R17 CRCW06034R70FKEAHP in C:\Users\xboxw\Desktop\HARDWARE_NEW\SSL_Project_2024\SSL_Motherboard_2024\Peripherals.SchDoc with CRCW06034R70FKEAHP from roboime.SchLib
Replace Part R20 CRCW06034R70FKEAHP in C:\Users\xboxw\Desktop\HARDWARE_NEW\SSL_Project_2024\SSL_Motherboard_2024\Peripherals.SchDoc with CRCW06034R70FKEAHP from roboime.SchLib
Update Managed Component R21 From CMP-2000-03889-2[CRCW0603130RFKEA] To CMP-2000-03889-2[CRCW0603130RFKEA] in Peripherals.SchDoc
Update Managed Component R22 From CMP-2000-03845-2[CRCW060310R0FKEA] To CMP-2000-03845-2[CRCW060310R0FKEA] in Peripherals.SchDoc
Update Managed Component R23 From CMP-2000-03845-2[CRCW060310R0FKEA] To CMP-2000-03845-2[CRCW060310R0FKEA] in Peripherals.SchDoc
Replace Part R24 CRCW06034R70FKEAHP in C:\Users\xboxw\Desktop\HARDWARE_NEW\SSL_Project_2024\SSL_Motherboard_2024\Peripherals.SchDoc with CRCW06034R70FKEAHP from roboime.SchLib
Replace Part R25 CRCW06034R70FKEAHP in C:\Users\xboxw\Desktop\HARDWARE_NEW\SSL_Project_2024\SSL_Motherboard_2024\Peripherals.SchDoc with CRCW06034R70FKEAHP from roboime.SchLib
Replace Part R26 CRCW06034R70FKEAHP in C:\Users\xboxw\Desktop\HARDWARE_NEW\SSL_Project_2024\SSL_Motherboard_2024\Peripherals.SchDoc with CRCW06034R70FKEAHP from roboime.SchLib
Replace Part R27 CRCW06034R70FKEAHP in C:\Users\xboxw\Desktop\HARDWARE_NEW\SSL_Project_2024\SSL_Motherboard_2024\Peripherals.SchDoc with CRCW06034R70FKEAHP from roboime.SchLib
Replace Part S4 A6FR-5101 in C:\Users\xboxw\Desktop\HARDWARE_NEW\SSL_Project_2024\SSL_Motherboard_2024\Peripherals.SchDoc with A6FR-5101 from roboime.SchLib
