Update Managed Component C1 From CMP-2000-06324-3[GMK316AB7106KL-TR] To CMP-2000-06324-3[GMK316AB7106KL-TR] in PowerSupply.SchDoc
Update Managed Component C2 From CMP-2000-07373-2[UWT1H101MNL1GS] To CMP-2000-07373-2[UWT1H101MNL1GS] in PowerSupply.SchDoc
Update Managed Component C3 From CMP-1036-04916-1[CAP 10uF 6.3V 0805(2012)] To CMP-1036-04916-1[CAP 10uF 6.3V 0805(2012)] in PowerSupply.SchDoc
Update Managed Component C4 From CMP-2007-03385-2[GRM21BR60J226ME39L] To CMP-2007-03385-2[GRM21BR60J226ME39L] in PowerSupply.SchDoc
Update Managed Component C5 From CMP-2007-03385-2[GRM21BR60J226ME39L] To CMP-2007-03385-2[GRM21BR60J226ME39L] in PowerSupply.SchDoc
Update Managed Component C6 From CMP-2000-06324-3[GMK316AB7106KL-TR] To CMP-2000-06324-3[GMK316AB7106KL-TR] in PowerSupply.SchDoc
Update Managed Component C7 From CMP-2000-07373-2[UWT1H101MNL1GS] To CMP-2000-07373-2[UWT1H101MNL1GS] in PowerSupply.SchDoc
Update Managed Component C8 From CMP-1036-04916-1[CAP 10uF 6.3V 0805(2012)] To CMP-1036-04916-1[CAP 10uF 6.3V 0805(2012)] in PowerSupply.SchDoc
Update Managed Component C9 From CMP-1036-04916-1[CAP 10uF 6.3V 0805(2012)] To CMP-1036-04916-1[CAP 10uF 6.3V 0805(2012)] in PowerSupply.SchDoc
Update Managed Component C10 From CMP-1036-04916-1[CAP 10uF 6.3V 0805(2012)] To CMP-1036-04916-1[CAP 10uF 6.3V 0805(2012)] in PowerSupply.SchDoc
Replace Part IC1 TPS563300DRLR in C:\Users\xboxw\Desktop\HARDWARE_NEW\SSL_Project_2024\SSL_Motherboard_2024\PowerSupply.SchDoc with TPS563300DRLR from roboime.SchLib
Replace Part IC2 TPS563300DRLR in C:\Users\xboxw\Desktop\HARDWARE_NEW\SSL_Project_2024\SSL_Motherboard_2024\PowerSupply.SchDoc with TPS563300DRLR from roboime.SchLib
Replace Part L1 CLF7045T-4R7N-D in C:\Users\xboxw\Desktop\HARDWARE_NEW\SSL_Project_2024\SSL_Motherboard_2024\PowerSupply.SchDoc with CLF7045T-4R7N-D from roboime.SchLib
Update Managed Component L2 From CMP-08253-000023-1[CLF7045T-6R8N-D] To CMP-08253-000023-1[CLF7045T-6R8N-D] in PowerSupply.SchDoc
Replace Part Q1 XT60_YELLOW in C:\Users\xboxw\Desktop\HARDWARE_NEW\SSL_Project_2024\SSL_Motherboard_2024\PowerSupply.SchDoc with XT60_YELLOW from roboime.SchLib
Update Managed Component R2 From CMP-2000-03845-2[CRCW060310R0FKEA] To CMP-2000-03845-2[CRCW060310R0FKEA] in PowerSupply.SchDoc
Update Managed Component R3 From CMP-2000-03845-2[CRCW060310R0FKEA] To CMP-2000-03845-2[CRCW060310R0FKEA] in PowerSupply.SchDoc
Update Managed Component R4 From CMP-2000-03845-2[CRCW060310R0FKEA] To CMP-2000-03845-2[CRCW060310R0FKEA] in PowerSupply.SchDoc
Update Managed Component R5 From CMP-2000-03845-2[CRCW060310R0FKEA] To CMP-2000-03845-2[CRCW060310R0FKEA] in PowerSupply.SchDoc
Update Managed Component R6 From CMP-2000-03845-2[CRCW060310R0FKEA] To CMP-2000-03845-2[CRCW060310R0FKEA] in PowerSupply.SchDoc
Update Managed Component R7 From CMP-2000-03845-2[CRCW060310R0FKEA] To CMP-2000-03845-2[CRCW060310R0FKEA] in PowerSupply.SchDoc
Update Managed Component SW1 From CMP-31746-000002-1[CS12ANW03] To CMP-31746-000002-1[CS12ANW03] in PowerSupply.SchDoc
Replace Part U2 SQJQ141EL-T1_GE3 in C:\Users\xboxw\Desktop\HARDWARE_NEW\SSL_Project_2024\SSL_Motherboard_2024\PowerSupply.SchDoc with SQJQ141EL-T1_GE3 from roboime.SchLib
