Removed Pin From Net: NetName=NetC5_1 Pin=C5-1
Removed Pin From Net: NetName=GND Pin=C5-2
Removed Pin From Net: NetName=VCC Pin=C6-1
Removed Pin From Net: NetName=GND Pin=C6-2
Removed Pin From Net: NetName=GND Pin=C7-2
Removed Pin From Net: NetName=GND Pin=Display1-3
Removed Pin From Net: NetName=GND Pin=Display1-8
Removed Pin From Net: NetName=SPI2.MISO Pin=IC2-9
Removed Pin From Net: NetName=NetC5_1 Pin=IC2-10
Removed Pin From Net: NetName=GND Pin=IC2-11
Removed Pin From Net: NetName=INT_MPU Pin=IC2-12
Removed Pin From Net: NetName=VCC Pin=IC2-13
Removed Pin From Net: NetName=GND Pin=IC2-18
Removed Pin From Net: NetName=GND Pin=IC2-18
Removed Pin From Net: NetName=GND Pin=IC2-20
Removed Pin From Net: NetName=SPI2.SCK Pin=IC2-23
Removed Pin From Net: NetName=SPI2.MOSI Pin=IC2-24
Removed Pin From Net: NetName=GND Pin=IC3-3
Removed Pin From Net: NetName=I2C.SCL Pin=IC3-4
Removed Pin From Net: NetName=I2C.SDA Pin=IC3-5
Removed Pin From Net: NetName=VCC Pin=IC3-6
Removed Pin From Net: NetName=GND Pin=IC3-10
Removed Pin From Net: NetName=VCC Pin=IC3-14
Removed Pin From Net: NetName=GND Pin=IC3-TH
Removed Pin From Net: NetName=D_CUR Pin=INA1-1
Removed Pin From Net: NetName=M0_CUR Pin=INA169_M0-1
Removed Pin From Net: NetName=M1_CUR Pin=INA169_M1-1
Removed Pin From Net: NetName=M2_CUR Pin=INA169_M2-1
Removed Pin From Net: NetName=M3_CUR Pin=INA169_M3-1
Removed Pin From Net: NetName=GND Pin=LED2-1
Removed Pin From Net: NetName=GND Pin=R5-2
Removed Pin From Net: NetName=M0_CUR Pin=R10_M0-2
Removed Pin From Net: NetName=M1_CUR Pin=R10_M1-2
Removed Pin From Net: NetName=M2_CUR Pin=R10_M2-2
Removed Pin From Net: NetName=M3_CUR Pin=R10_M3-2
Removed Pin From Net: NetName=D_CUR Pin=R_D1-2
Removed Pin From Net: NetName=VCC Pin=RL2-1
Removed Pin From Net: NetName=VCC Pin=RS1-2
Removed Pin From Net: NetName=VCC Pin=RS2-2
Removed Pin From Net: NetName=GND Pin=SENSOR2-1
Removed Member From Class: ClassName=Periféricos Member=Display1
Removed Member From Class: ClassName=Periféricos Member=IC2
Removed Member From Class: ClassName=Periféricos Member=IC3
Removed Member From Class: ClassName=Periféricos Member=LED2
Removed Member From Class: ClassName=Periféricos Member=RL2
Removed Member From Class: ClassName=Periféricos Member=RS2
Removed Member From Class: ClassName=Periféricos Member=SENSOR2
Change Component Comment : Designator=R10_M0 Old Comment=1K New Comment=15K
Change Component Comment : Designator=R10_M1 Old Comment=1K New Comment=15K
Change Component Comment : Designator=R10_M2 Old Comment=1K New Comment=15K
Change Component Comment : Designator=R10_M3 Old Comment=1K New Comment=15K
Change Component Comment : Designator=R_D1 Old Comment=1K New Comment=15K
Change Component Comment : Designator=R4 Old Comment=100R New Comment=10k
Change Component Comment : Designator=R3 Old Comment=330R New Comment=47k
Change Component Comment : Designator=RS1 Old Comment=330R New Comment=47R
Added Component: Designator=C5(0402-CAP)
Add component (AddParameter): Name = "Cod EMS"; Value = "05.281.019.543"; VariantName = "[No Variations]"
Add component (AddParameter): Name = "Component Type"; Value = "Capacitor"; VariantName = "[No Variations]"
Add component (AddParameter): Name = "Part No"; Value = "C1005X5R1E474K050"; VariantName = "[No Variations]"
Add component (AddParameter): Name = "Value"; Value = "470nF"; VariantName = "[No Variations]"
Added Component: Designator=C6(0402-CAP)
Add component (AddParameter): Name = "Cod EMS"; Value = "05.281.006.133"; VariantName = "[No Variations]"
Add component (AddParameter): Name = "Part No"; Value = "VJ0402V104ZXQPBC"; VariantName = "[No Variations]"
Add component (AddParameter): Name = "Value"; Value = "100n"; VariantName = "[No Variations]"
Added Component: Designator=C7(0402-CAP)
Add component (AddParameter): Name = "Cod EMS"; Value = "05.281.006.133"; VariantName = "[No Variations]"
Add component (AddParameter): Name = "Part No"; Value = "VJ0402V104ZXQPBC"; VariantName = "[No Variations]"
Add component (AddParameter): Name = "Value"; Value = "100n"; VariantName = "[No Variations]"
Added Component: Designator=C8(0402-CAP)
Add component (AddParameter): Name = "Cod EMS"; Value = "05.281.019.513"; VariantName = "[No Variations]"
Add component (AddParameter): Name = "Part No"; Value = "JMK105BJ105KV-F"; VariantName = "[No Variations]"
Add component (AddParameter): Name = "Value"; Value = "1u"; VariantName = "[No Variations]"
Added Component: Designator=DZ1_M0(FAIR-SOD-123-2_V)
Add component (AddParameter): Name = "Category"; Value = "Zener"; VariantName = "[No Variations]"
Add component (AddParameter): Name = "Configuration"; Value = "Single"; VariantName = "[No Variations]"
Add component (AddParameter): Name = "Datasheet URL"; Value = "https://www.fairchildsemi.com/datasheets/MM/MMSZ5226B.pdf"; VariantName = "[No Variations]"
Add component (AddParameter): Name = "Datasheet Version"; Value = "Rev. 1.6, 10/2015"; VariantName = "[No Variations]"
Add component (AddParameter): Name = "Manufacturer"; Value = "FairchildSemiconductor"; VariantName = "[No Variations]"
Add component (AddParameter): Name = "Manufacturer URL"; Value = "https://www.fairchildsemi.com/"; VariantName = "[No Variations]"
Add component (AddParameter): Name = "Maximum Power Dissipation"; Value = "500mW"; VariantName = "[No Variations]"
Add component (AddParameter): Name = "Maximum Reverse Leakage Current"; Value = "25uA"; VariantName = "[No Variations]"
Add component (AddParameter): Name = "Mounting"; Value = "SurfaceMount"; VariantName = "[No Variations]"
Add component (AddParameter): Name = "Mounting Technology"; Value = "SurfaceMount"; VariantName = "[No Variations]"
Add component (AddParameter): Name = "Nominal Zener Voltage"; Value = "3.3V"; VariantName = "[No Variations]"
Add component (AddParameter): Name = "Operating Temperature"; Value = "-55to150°C"; VariantName = "[No Variations]"
Add component (AddParameter): Name = "Package"; Value = "2SOD-123"; VariantName = "[No Variations]"
Add component (AddParameter): Name = "Package Description"; Value = "2-Pin Surface Mount Device, Body 2.7 x 1.6 mm"; VariantName = "[No Variations]"
Add component (AddParameter): Name = "Package Reference"; Value = "SOD-123-2"; VariantName = "[No Variations]"
Add component (AddParameter): Name = "Packaging"; Value = "Tape&Reel"; VariantName = "[No Variations]"
Add component (AddParameter): Name = "Rad Hard"; Value = "No"; VariantName = "[No Variations]"
Add component (AddParameter): Name = "Zener Voltage Tolerance"; Value = "5%"; VariantName = "[No Variations]"
Added Component: Designator=DZ1_M1(FAIR-SOD-123-2_V)
Add component (AddParameter): Name = "Category"; Value = "Zener"; VariantName = "[No Variations]"
Add component (AddParameter): Name = "Configuration"; Value = "Single"; VariantName = "[No Variations]"
Add component (AddParameter): Name = "Datasheet URL"; Value = "https://www.fairchildsemi.com/datasheets/MM/MMSZ5226B.pdf"; VariantName = "[No Variations]"
Add component (AddParameter): Name = "Datasheet Version"; Value = "Rev. 1.6, 10/2015"; VariantName = "[No Variations]"
Add component (AddParameter): Name = "Manufacturer"; Value = "FairchildSemiconductor"; VariantName = "[No Variations]"
Add component (AddParameter): Name = "Manufacturer URL"; Value = "https://www.fairchildsemi.com/"; VariantName = "[No Variations]"
Add component (AddParameter): Name = "Maximum Power Dissipation"; Value = "500mW"; VariantName = "[No Variations]"
Add component (AddParameter): Name = "Maximum Reverse Leakage Current"; Value = "25uA"; VariantName = "[No Variations]"
Add component (AddParameter): Name = "Mounting"; Value = "SurfaceMount"; VariantName = "[No Variations]"
Add component (AddParameter): Name = "Mounting Technology"; Value = "SurfaceMount"; VariantName = "[No Variations]"
Add component (AddParameter): Name = "Nominal Zener Voltage"; Value = "3.3V"; VariantName = "[No Variations]"
Add component (AddParameter): Name = "Operating Temperature"; Value = "-55to150°C"; VariantName = "[No Variations]"
Add component (AddParameter): Name = "Package"; Value = "2SOD-123"; VariantName = "[No Variations]"
Add component (AddParameter): Name = "Package Description"; Value = "2-Pin Surface Mount Device, Body 2.7 x 1.6 mm"; VariantName = "[No Variations]"
Add component (AddParameter): Name = "Package Reference"; Value = "SOD-123-2"; VariantName = "[No Variations]"
Add component (AddParameter): Name = "Packaging"; Value = "Tape&Reel"; VariantName = "[No Variations]"
Add component (AddParameter): Name = "Rad Hard"; Value = "No"; VariantName = "[No Variations]"
Add component (AddParameter): Name = "Zener Voltage Tolerance"; Value = "5%"; VariantName = "[No Variations]"
Added Component: Designator=DZ1_M2(FAIR-SOD-123-2_V)
Add component (AddParameter): Name = "Category"; Value = "Zener"; VariantName = "[No Variations]"
Add component (AddParameter): Name = "Configuration"; Value = "Single"; VariantName = "[No Variations]"
Add component (AddParameter): Name = "Datasheet URL"; Value = "https://www.fairchildsemi.com/datasheets/MM/MMSZ5226B.pdf"; VariantName = "[No Variations]"
Add component (AddParameter): Name = "Datasheet Version"; Value = "Rev. 1.6, 10/2015"; VariantName = "[No Variations]"
Add component (AddParameter): Name = "Manufacturer"; Value = "FairchildSemiconductor"; VariantName = "[No Variations]"
Add component (AddParameter): Name = "Manufacturer URL"; Value = "https://www.fairchildsemi.com/"; VariantName = "[No Variations]"
Add component (AddParameter): Name = "Maximum Power Dissipation"; Value = "500mW"; VariantName = "[No Variations]"
Add component (AddParameter): Name = "Maximum Reverse Leakage Current"; Value = "25uA"; VariantName = "[No Variations]"
Add component (AddParameter): Name = "Mounting"; Value = "SurfaceMount"; VariantName = "[No Variations]"
Add component (AddParameter): Name = "Mounting Technology"; Value = "SurfaceMount"; VariantName = "[No Variations]"
Add component (AddParameter): Name = "Nominal Zener Voltage"; Value = "3.3V"; VariantName = "[No Variations]"
Add component (AddParameter): Name = "Operating Temperature"; Value = "-55to150°C"; VariantName = "[No Variations]"
Add component (AddParameter): Name = "Package"; Value = "2SOD-123"; VariantName = "[No Variations]"
Add component (AddParameter): Name = "Package Description"; Value = "2-Pin Surface Mount Device, Body 2.7 x 1.6 mm"; VariantName = "[No Variations]"
Add component (AddParameter): Name = "Package Reference"; Value = "SOD-123-2"; VariantName = "[No Variations]"
Add component (AddParameter): Name = "Packaging"; Value = "Tape&Reel"; VariantName = "[No Variations]"
Add component (AddParameter): Name = "Rad Hard"; Value = "No"; VariantName = "[No Variations]"
Add component (AddParameter): Name = "Zener Voltage Tolerance"; Value = "5%"; VariantName = "[No Variations]"
Added Component: Designator=DZ1_M3(FAIR-SOD-123-2_V)
Add component (AddParameter): Name = "Category"; Value = "Zener"; VariantName = "[No Variations]"
Add component (AddParameter): Name = "Configuration"; Value = "Single"; VariantName = "[No Variations]"
Add component (AddParameter): Name = "Datasheet URL"; Value = "https://www.fairchildsemi.com/datasheets/MM/MMSZ5226B.pdf"; VariantName = "[No Variations]"
Add component (AddParameter): Name = "Datasheet Version"; Value = "Rev. 1.6, 10/2015"; VariantName = "[No Variations]"
Add component (AddParameter): Name = "Manufacturer"; Value = "FairchildSemiconductor"; VariantName = "[No Variations]"
Add component (AddParameter): Name = "Manufacturer URL"; Value = "https://www.fairchildsemi.com/"; VariantName = "[No Variations]"
Add component (AddParameter): Name = "Maximum Power Dissipation"; Value = "500mW"; VariantName = "[No Variations]"
Add component (AddParameter): Name = "Maximum Reverse Leakage Current"; Value = "25uA"; VariantName = "[No Variations]"
Add component (AddParameter): Name = "Mounting"; Value = "SurfaceMount"; VariantName = "[No Variations]"
Add component (AddParameter): Name = "Mounting Technology"; Value = "SurfaceMount"; VariantName = "[No Variations]"
Add component (AddParameter): Name = "Nominal Zener Voltage"; Value = "3.3V"; VariantName = "[No Variations]"
Add component (AddParameter): Name = "Operating Temperature"; Value = "-55to150°C"; VariantName = "[No Variations]"
Add component (AddParameter): Name = "Package"; Value = "2SOD-123"; VariantName = "[No Variations]"
Add component (AddParameter): Name = "Package Description"; Value = "2-Pin Surface Mount Device, Body 2.7 x 1.6 mm"; VariantName = "[No Variations]"
Add component (AddParameter): Name = "Package Reference"; Value = "SOD-123-2"; VariantName = "[No Variations]"
Add component (AddParameter): Name = "Packaging"; Value = "Tape&Reel"; VariantName = "[No Variations]"
Add component (AddParameter): Name = "Rad Hard"; Value = "No"; VariantName = "[No Variations]"
Add component (AddParameter): Name = "Zener Voltage Tolerance"; Value = "5%"; VariantName = "[No Variations]"
Added Component: Designator=DZ2(FAIR-SOD-123-2_V)
Add component (AddParameter): Name = "Category"; Value = "Zener"; VariantName = "[No Variations]"
Add component (AddParameter): Name = "Configuration"; Value = "Single"; VariantName = "[No Variations]"
Add component (AddParameter): Name = "Datasheet URL"; Value = "https://www.fairchildsemi.com/datasheets/MM/MMSZ5226B.pdf"; VariantName = "[No Variations]"
Add component (AddParameter): Name = "Datasheet Version"; Value = "Rev. 1.6, 10/2015"; VariantName = "[No Variations]"
Add component (AddParameter): Name = "Manufacturer"; Value = "FairchildSemiconductor"; VariantName = "[No Variations]"
Add component (AddParameter): Name = "Manufacturer URL"; Value = "https://www.fairchildsemi.com/"; VariantName = "[No Variations]"
Add component (AddParameter): Name = "Maximum Power Dissipation"; Value = "500mW"; VariantName = "[No Variations]"
Add component (AddParameter): Name = "Maximum Reverse Leakage Current"; Value = "25uA"; VariantName = "[No Variations]"
Add component (AddParameter): Name = "Mounting"; Value = "SurfaceMount"; VariantName = "[No Variations]"
Add component (AddParameter): Name = "Mounting Technology"; Value = "SurfaceMount"; VariantName = "[No Variations]"
Add component (AddParameter): Name = "Nominal Zener Voltage"; Value = "3.3V"; VariantName = "[No Variations]"
Add component (AddParameter): Name = "Operating Temperature"; Value = "-55to150°C"; VariantName = "[No Variations]"
Add component (AddParameter): Name = "Package"; Value = "2SOD-123"; VariantName = "[No Variations]"
Add component (AddParameter): Name = "Package Description"; Value = "2-Pin Surface Mount Device, Body 2.7 x 1.6 mm"; VariantName = "[No Variations]"
Add component (AddParameter): Name = "Package Reference"; Value = "SOD-123-2"; VariantName = "[No Variations]"
Add component (AddParameter): Name = "Packaging"; Value = "Tape&Reel"; VariantName = "[No Variations]"
Add component (AddParameter): Name = "Rad Hard"; Value = "No"; VariantName = "[No Variations]"
Add component (AddParameter): Name = "Zener Voltage Tolerance"; Value = "5%"; VariantName = "[No Variations]"
Added Component: Designator=P3(HDR1X4)
Add component (AddParameter): Name = "LatestRevisionDate"; Value = "17-Jul-2002"; VariantName = "[No Variations]"
Add component (AddParameter): Name = "LatestRevisionNote"; Value = "Re-released for DXP Platform."; VariantName = "[No Variations]"
Add component (AddParameter): Name = "Publisher"; Value = "Altium Limited"; VariantName = "[No Variations]"
Added Component: Designator=R5(BOUR-TC33X-2_V)
Add component (AddParameter): Name = "Case/Package"; Value = "SMD/SMT"; VariantName = "[No Variations]"
Add component (AddParameter): Name = "Colour"; Value = "Silver"; VariantName = "[No Variations]"
Add component (AddParameter): Name = "Composition"; Value = "Potentiometer"; VariantName = "[No Variations]"
Add component (AddParameter): Name = "Contact Plating"; Value = "Silver"; VariantName = "[No Variations]"
Add component (AddParameter): Name = "Datasheet URL"; Value = "http://www.bourns.com/docs/Product-Datasheets/TC33.pdf"; VariantName = "[No Variations]"
Add component (AddParameter): Name = "Datasheet Version"; Value = "42583.0"; VariantName = "[No Variations]"
Add component (AddParameter): Name = "Depth"; Value = "3.8mm"; VariantName = "[No Variations]"
Add component (AddParameter): Name = "Height"; Value = "0.047inch"; VariantName = "[No Variations]"
Add component (AddParameter): Name = "Lead Free"; Value = "LeadFree"; VariantName = "[No Variations]"
Add component (AddParameter): Name = "Length"; Value = "3mm"; VariantName = "[No Variations]"
Add component (AddParameter): Name = "Manufacturer"; Value = "Bourns"; VariantName = "[No Variations]"
Add component (AddParameter): Name = "Manufacturer URL"; Value = "http://www.bourns.com/"; VariantName = "[No Variations]"
Add component (AddParameter): Name = "Max Operating Temperature"; Value = "100degC"; VariantName = "[No Variations]"
Add component (AddParameter): Name = "Max Power Dissipation"; Value = "100mW"; VariantName = "[No Variations]"
Add component (AddParameter): Name = "Military Standard"; Value = "Not"; VariantName = "[No Variations]"
Add component (AddParameter): Name = "Min Operating Temperature"; Value = "-40degC"; VariantName = "[No Variations]"
Add component (AddParameter): Name = "Mount"; Value = "SurfaceMount"; VariantName = "[No Variations]"
Add component (AddParameter): Name = "Number of Turns"; Value = "1"; VariantName = "[No Variations]"
Add component (AddParameter): Name = "Package Description"; Value = "3-Pin Surface Mount Device, Body 3.8 x 3.6 mm"; VariantName = "[No Variations]"
Add component (AddParameter): Name = "Package Quantity"; Value = "2500"; VariantName = "[No Variations]"
Add component (AddParameter): Name = "Package Reference"; Value = "TC33X-2"; VariantName = "[No Variations]"
Add component (AddParameter): Name = "Packaging"; Value = "TapeandReel"; VariantName = "[No Variations]"
Add component (AddParameter): Name = "Power Rating"; Value = "100mW"; VariantName = "[No Variations]"
Add component (AddParameter): Name = "Radiation Hardening"; Value = "No"; VariantName = "[No Variations]"
Add component (AddParameter): Name = "REACH SVHC"; Value = "NoSVHC"; VariantName = "[No Variations]"
Add component (AddParameter): Name = "Resistance"; Value = "10KOhm"; VariantName = "[No Variations]"
Add component (AddParameter): Name = "RoHSCompliant"; Value = "true"; VariantName = "[No Variations]"
Add component (AddParameter): Name = "Taper"; Value = "Linear"; VariantName = "[No Variations]"
Add component (AddParameter): Name = "Temperature Coefficient"; Value = "250ppm/degreesC"; VariantName = "[No Variations]"
Add component (AddParameter): Name = "Termination"; Value = "FootPrint"; VariantName = "[No Variations]"
Add component (AddParameter): Name = "Tolerance"; Value = "25%"; VariantName = "[No Variations]"
Add component (AddParameter): Name = "Voltage Rating (DC)"; Value = "50V"; VariantName = "[No Variations]"
Add component (AddParameter): Name = "Weight"; Value = "29.4mg"; VariantName = "[No Variations]"
Add component (AddParameter): Name = "Width"; Value = "0.118inch"; VariantName = "[No Variations]"
Added Component: Designator=R16_M0(0402-RES-HD)
Add component (AddParameter): Name = "Cod EMS"; Value = "05.280.029.527"; VariantName = "[No Variations]"
Add component (AddParameter): Name = "Family"; Value = "ERJ-2RKF....X"; VariantName = "[No Variations]"
Add component (AddParameter): Name = "Family Description"; Value = "RESISTOR FILME ESPESSO 10R-1M / 1/10W / 1% / 0402. P/N: ERJ-2RKF....X – PANASONIC ELECTRONIC COMPONENTS."; VariantName = "[No Variations]"
Add component (AddParameter): Name = "Part No"; Value = "ERJ-2RKF1001X"; VariantName = "[No Variations]"
Add component (AddParameter): Name = "Value"; Value = "1K"; VariantName = "[No Variations]"
Added Component: Designator=R16_M1(0402-RES-HD)
Add component (AddParameter): Name = "Cod EMS"; Value = "05.280.029.527"; VariantName = "[No Variations]"
Add component (AddParameter): Name = "Family"; Value = "ERJ-2RKF....X"; VariantName = "[No Variations]"
Add component (AddParameter): Name = "Family Description"; Value = "RESISTOR FILME ESPESSO 10R-1M / 1/10W / 1% / 0402. P/N: ERJ-2RKF....X – PANASONIC ELECTRONIC COMPONENTS."; VariantName = "[No Variations]"
Add component (AddParameter): Name = "Part No"; Value = "ERJ-2RKF1001X"; VariantName = "[No Variations]"
Add component (AddParameter): Name = "Value"; Value = "1K"; VariantName = "[No Variations]"
Added Component: Designator=R16_M2(0402-RES-HD)
Add component (AddParameter): Name = "Cod EMS"; Value = "05.280.029.527"; VariantName = "[No Variations]"
Add component (AddParameter): Name = "Family"; Value = "ERJ-2RKF....X"; VariantName = "[No Variations]"
Add component (AddParameter): Name = "Family Description"; Value = "RESISTOR FILME ESPESSO 10R-1M / 1/10W / 1% / 0402. P/N: ERJ-2RKF....X – PANASONIC ELECTRONIC COMPONENTS."; VariantName = "[No Variations]"
Add component (AddParameter): Name = "Part No"; Value = "ERJ-2RKF1001X"; VariantName = "[No Variations]"
Add component (AddParameter): Name = "Value"; Value = "1K"; VariantName = "[No Variations]"
Added Component: Designator=R16_M3(0402-RES-HD)
Add component (AddParameter): Name = "Cod EMS"; Value = "05.280.029.527"; VariantName = "[No Variations]"
Add component (AddParameter): Name = "Family"; Value = "ERJ-2RKF....X"; VariantName = "[No Variations]"
Add component (AddParameter): Name = "Family Description"; Value = "RESISTOR FILME ESPESSO 10R-1M / 1/10W / 1% / 0402. P/N: ERJ-2RKF....X – PANASONIC ELECTRONIC COMPONENTS."; VariantName = "[No Variations]"
Add component (AddParameter): Name = "Part No"; Value = "ERJ-2RKF1001X"; VariantName = "[No Variations]"
Add component (AddParameter): Name = "Value"; Value = "1K"; VariantName = "[No Variations]"
Added Component: Designator=R17(0402-RES-HD)
Add component (AddParameter): Name = "Cod EMS"; Value = "05.280.029.527"; VariantName = "[No Variations]"
Add component (AddParameter): Name = "Family"; Value = "ERJ-2RKF....X"; VariantName = "[No Variations]"
Add component (AddParameter): Name = "Family Description"; Value = "RESISTOR FILME ESPESSO 10R-1M / 1/10W / 1% / 0402. P/N: ERJ-2RKF....X – PANASONIC ELECTRONIC COMPONENTS."; VariantName = "[No Variations]"
Add component (AddParameter): Name = "Part No"; Value = "ERJ-2RKF1001X"; VariantName = "[No Variations]"
Add component (AddParameter): Name = "Value"; Value = "1K"; VariantName = "[No Variations]"
Added Component: Designator=R18(0805-RES)
Add component (AddParameter): Name = "Cod EMS"; Value = "05.280.029.425"; VariantName = "[No Variations]"
Add component (AddParameter): Name = "Family"; Value = "CRCW"; VariantName = "[No Variations]"
Add component (AddParameter): Name = "Part No"; Value = "CRCW08054K70FKEA"; VariantName = "[No Variations]"
Add component (AddParameter): Name = "Value"; Value = "4K7"; VariantName = "[No Variations]"
Added Component: Designator=R19(0805-RES)
Add component (AddParameter): Name = "Cod EMS"; Value = "05.280.029.425"; VariantName = "[No Variations]"
Add component (AddParameter): Name = "Family"; Value = "CRCW"; VariantName = "[No Variations]"
Add component (AddParameter): Name = "Part No"; Value = "CRCW08054K70FKEA"; VariantName = "[No Variations]"
Add component (AddParameter): Name = "Value"; Value = "4K7"; VariantName = "[No Variations]"
Added Component: Designator=SW_id2(PCBComponent)
Add component (AddParameter): Name = "Part No"; Value = "95C04A3GWRT"; VariantName = "[No Variations]"
Added Component: Designator=SW_id3(PCBComponent)
Add component (AddParameter): Name = "Part No"; Value = "95C04A3GWRT"; VariantName = "[No Variations]"
Added Component: Designator=U1(FP-BHI160B-MFG)
Add component (AddParameter): Name = "Accel Range"; Value = "2/4/8/16g"; VariantName = "[No Variations]"
Add component (AddParameter): Name = "Accel Resolution"; Value = "16bits"; VariantName = "[No Variations]"
Add component (AddParameter): Name = "Accel Sensitivity"; Value = "2048/4096/8192/16384LSB/g"; VariantName = "[No Variations]"
Add component (AddParameter): Name = "Ambient Temperature Range High"; Value = "+85°C"; VariantName = "[No Variations]"
Add component (AddParameter): Name = "Ambient Temperature Range Low"; Value = "-40°C"; VariantName = "[No Variations]"
Add component (AddParameter): Name = "Automotive"; Value = "No"; VariantName = "[No Variations]"
Add component (AddParameter): Name = "Category"; Value = "IC"; VariantName = "[No Variations]"
Add component (AddParameter): Name = "ComponentLink2Description"; Value = "Datasheet"; VariantName = "[No Variations]"
Add component (AddParameter): Name = "ComponentLink2URL"; Value = "https://ae-bst.resource.bosch.com/media/_tech/media/datasheets/BST-BHI160B-DS000.pdf"; VariantName = "[No Variations]"
Add component (AddParameter): Name = "Device Class L1"; Value = "Sensors"; VariantName = "[No Variations]"
Add component (AddParameter): Name = "Device Class L2"; Value = "Motion Sensors"; VariantName = "[No Variations]"
Add component (AddParameter): Name = "Device Class L3"; Value = "Inertial Measurement Units (IMUs)"; VariantName = "[No Variations]"
Add component (AddParameter): Name = "Digikey Description"; Value = "IMU ACCEL/GYRO 3-AXIS I2C 24LGA"; VariantName = "[No Variations]"
Add component (AddParameter): Name = "Gyro Range"; Value = "125/250/500/1000/2000°/s"; VariantName = "[No Variations]"
Add component (AddParameter): Name = "Gyro Sensitivity"; Value = "16.4/32.8/65.6/131.2/262.4LSB/°/s"; VariantName = "[No Variations]"
Add component (AddParameter): Name = "Height"; Value = "1mm"; VariantName = "[No Variations]"
Add component (AddParameter): Name = "Lead Free"; Value = "Yes"; VariantName = "[No Variations]"
Add component (AddParameter): Name = "Manufacturer"; Value = "Bosch Sensortec"; VariantName = "[No Variations]"
Add component (AddParameter): Name = "Manufacturer Part Number"; Value = "BHI160B"; VariantName = "[No Variations]"
Add component (AddParameter): Name = "Max Supply Voltage"; Value = "3.6V"; VariantName = "[No Variations]"
Add component (AddParameter): Name = "Min Supply Voltage"; Value = "1.6V"; VariantName = "[No Variations]"
Add component (AddParameter): Name = "Octopart"; Value = "https://octopart.com/bhi160b-bosch+sensortec-108216126"; VariantName = "[No Variations]"
Add component (AddParameter): Name = "Operating Supply Current"; Value = "300-800uA"; VariantName = "[No Variations]"
Add component (AddParameter): Name = "Package"; Value = "0"; VariantName = "[No Variations]"
Add component (AddParameter): Name = "Resolution"; Value = "16bits"; VariantName = "[No Variations]"
Add component (AddParameter): Name = "RoHS"; Value = "TRUE"; VariantName = "[No Variations]"
Add component (AddParameter): Name = "Sensor Output"; Value = "I2C"; VariantName = "[No Variations]"
Add component (AddParameter): Name = "Sensor Type"; Value = "Temperature,Accelerometer,Gyroscope"; VariantName = "[No Variations]"
Add component (AddParameter): Name = "Temperature"; Value = "-40°C to +85°C"; VariantName = "[No Variations]"
Add component (AddParameter): Name = "Temperature Range High"; Value = "+85°C"; VariantName = "[No Variations]"
Add component (AddParameter): Name = "Temperature Range Low"; Value = "-40°C"; VariantName = "[No Variations]"
Added Pin To Net: NetName=NetC5_1 Pin=C5-1
Added Pin To Net: NetName=GND Pin=C5-2
Added Pin To Net: NetName=VCC Pin=C6-1
Added Pin To Net: NetName=GND Pin=C6-2
Added Pin To Net: NetName=VCC Pin=C7-1
Added Pin To Net: NetName=GND Pin=C7-2
Added Pin To Net: NetName=VCC Pin=C8-1
Added Pin To Net: NetName=GND Pin=C8-2
Added Pin To Net: NetName=GND Pin=DZ1_M0-1
Added Pin To Net: NetName=M0_CUR Pin=DZ1_M0-2
Added Pin To Net: NetName=GND Pin=DZ1_M1-1
Added Pin To Net: NetName=M1_CUR Pin=DZ1_M1-2
Added Pin To Net: NetName=GND Pin=DZ1_M2-1
Added Pin To Net: NetName=M2_CUR Pin=DZ1_M2-2
Added Pin To Net: NetName=GND Pin=DZ1_M3-1
Added Pin To Net: NetName=M3_CUR Pin=DZ1_M3-2
Added Pin To Net: NetName=GND Pin=DZ2-1
Added Pin To Net: NetName=D_CUR Pin=DZ2-2
Added Pin To Net: NetName=GND Pin=P3-1
Added Pin To Net: NetName=VCC Pin=P3-2
Added Pin To Net: NetName=I2C.SCL Pin=P3-3
Added Pin To Net: NetName=I2C.SDA Pin=P3-4
Added Pin To Net: NetName=VCC Pin=R5-2
Added Pin To Net: NetName=M0_CUR Pin=R16_M0-2
Added Pin To Net: NetName=M1_CUR Pin=R16_M1-2
Added Pin To Net: NetName=M2_CUR Pin=R16_M2-2
Added Pin To Net: NetName=M3_CUR Pin=R16_M3-2
Added Pin To Net: NetName=D_CUR Pin=R17-2
Added Pin To Net: NetName=VCC Pin=R18-2
Added Pin To Net: NetName=VCC Pin=R19-2
Added Pin To Net: NetName=GND Pin=SW_id2-2
Added Pin To Net: NetName=GND Pin=SW_id3-2
Added Pin To Net: NetName=VCC Pin=U1-8
Added Pin To Net: NetName=NetC5_1 Pin=U1-10
Added Pin To Net: NetName=INT_MPU Pin=U1-12
Added Pin To Net: NetName=VCC Pin=U1-13
Added Pin To Net: NetName=GND Pin=U1-18
Added Pin To Net: NetName=GND Pin=U1-20
Added Pin To Net: NetName=I2C.SCL Pin=U1-23
Added Pin To Net: NetName=I2C.SDA Pin=U1-24
Change Net Name : Old Net Name=ID_B New Net Name=ID_B1
Added Pin To Net: NetName=ID_B2 Pin=DISCO_P2-38
Added Pin To Net: NetName=ID_B2 Pin=SW_id2-1
Added Net: Name=ID_B2
Added Pin To Net: NetName=ID_B3 Pin=DISCO_P2-37
Added Pin To Net: NetName=ID_B3 Pin=SW_id3-1
Added Net: Name=ID_B3
Added Pin To Net: NetName=NetINA1_1 Pin=INA1-1
Added Pin To Net: NetName=NetINA1_1 Pin=R17-1
Added Pin To Net: NetName=NetINA1_1 Pin=R_D1-2
Added Net: Name=NetINA1_1
Added Pin To Net: NetName=NetINA169_M0_1 Pin=INA169_M0-1
Added Pin To Net: NetName=NetINA169_M0_1 Pin=R10_M0-2
Added Pin To Net: NetName=NetINA169_M0_1 Pin=R16_M0-1
Added Net: Name=NetINA169_M0_1
Added Pin To Net: NetName=NetINA169_M1_1 Pin=INA169_M1-1
Added Pin To Net: NetName=NetINA169_M1_1 Pin=R10_M1-2
Added Pin To Net: NetName=NetINA169_M1_1 Pin=R16_M1-1
Added Net: Name=NetINA169_M1_1
Added Pin To Net: NetName=NetINA169_M2_1 Pin=INA169_M2-1
Added Pin To Net: NetName=NetINA169_M2_1 Pin=R10_M2-2
Added Pin To Net: NetName=NetINA169_M2_1 Pin=R16_M2-1
Added Net: Name=NetINA169_M2_1
Added Pin To Net: NetName=NetINA169_M3_1 Pin=INA169_M3-1
Added Pin To Net: NetName=NetINA169_M3_1 Pin=R10_M3-2
Added Pin To Net: NetName=NetINA169_M3_1 Pin=R16_M3-1
Added Net: Name=NetINA169_M3_1
Added Pin To Net: NetName=NetR5_3 Pin=R5-3
Added Pin To Net: NetName=NetR5_3 Pin=RS1-2
Added Net: Name=NetR5_3
Added Pin To Net: NetName=NetR18_1 Pin=R18-1
Added Pin To Net: NetName=NetR18_1 Pin=U1-7
Added Net: Name=NetR18_1
Added Pin To Net: NetName=NetR19_1 Pin=R19-1
Added Pin To Net: NetName=NetR19_1 Pin=U1-21
Added Net: Name=NetR19_1
Added Member To Class: ClassName=Periféricos Member=Component C8 1uF
Added Member To Class: ClassName=M0 Member=Component DZ1_M0 (DZ1) MMSZ5226B
Added Member To Class: ClassName=M1 Member=Component DZ1_M1 (DZ1) MMSZ5226B
Added Member To Class: ClassName=M2 Member=Component DZ1_M2 (DZ1) MMSZ5226B
Added Member To Class: ClassName=M3 Member=Component DZ1_M3 (DZ1) MMSZ5226B
Added Member To Class: ClassName=MD Member=Component DZ2 MMSZ5226B
Added Member To Class: ClassName=Periféricos Member=Component P3 Header 4
Added Member To Class: ClassName=M0 Member=Component R16_M0 (R16) 100K
Added Member To Class: ClassName=M1 Member=Component R16_M1 (R16) 100K
Added Member To Class: ClassName=M2 Member=Component R16_M2 (R16) 100K
Added Member To Class: ClassName=M3 Member=Component R16_M3 (R16) 100K
Added Member To Class: ClassName=MD Member=Component R17 100K
Added Member To Class: ClassName=Periféricos Member=Component R18 4K7
Added Member To Class: ClassName=Periféricos Member=Component R19 4K7
Added Member To Class: ClassName=Periféricos Member=Component SW_id2 SWITCH TACTILE 6 x 3.5 x 4.3 mm
Added Member To Class: ClassName=Periféricos Member=Component SW_id3 SWITCH TACTILE 6 x 3.5 x 4.3 mm
Added Member To Class: ClassName=Periféricos Member=Component U1 BHI160B
Added Room: Name=M0
Added Room: Name=M1
Added Room: Name=M2
Added Room: Name=M3
Added Room: Name=MD
Added Room: Name=Periféricos
Added Room: Name=POWER
Added Room: Name=SSL-Motherboard
