Change Managed Component Library Link : Designator=C1 Old VaultGUID= New VaultGUID=CBD6831D-FCA7-41C4-9E1B-1153C1B085DF Old ItemGUID= New ItemGUID=85038968-1056-4BC1-B641-B37A2CB48C01 Old RevisionGUID= New RevisionGUID=056050AF-B73F-44E2-A186-954F8129579D
Change Managed Component Library Link : Designator=C2 Old VaultGUID= New VaultGUID=CBD6831D-FCA7-41C4-9E1B-1153C1B085DF Old ItemGUID= New ItemGUID=80B5C2B7-BE71-4A02-A0EF-26F2997E1AFF Old RevisionGUID= New RevisionGUID=D313DE8B-C073-4D95-BD83-FC759517AB9B
Change Managed Component Library Link : Designator=C3 Old VaultGUID= New VaultGUID=CBD6831D-FCA7-41C4-9E1B-1153C1B085DF Old ItemGUID= New ItemGUID=80B5C2B7-BE71-4A02-A0EF-26F2997E1AFF Old RevisionGUID= New RevisionGUID=D313DE8B-C073-4D95-BD83-FC759517AB9B
Change Managed Component Library Link : Designator=C4 Old VaultGUID= New VaultGUID=CBD6831D-FCA7-41C4-9E1B-1153C1B085DF Old ItemGUID= New ItemGUID=2FE8EEF1-9057-4405-817E-A5BC5434A76A Old RevisionGUID= New RevisionGUID=5BEA15B6-9A14-4E48-8969-C7FD42BCA9DB
Change Managed Component Library Link : Designator=C5 Old VaultGUID= New VaultGUID=CBD6831D-FCA7-41C4-9E1B-1153C1B085DF Old ItemGUID= New ItemGUID=F584AA64-E81A-411D-8DDD-B47C4F7F6C04 Old RevisionGUID= New RevisionGUID=21E427CA-FE5E-4180-B7D8-D80215C1BAEE
Change Managed Component Library Link : Designator=C6 Old VaultGUID= New VaultGUID=CBD6831D-FCA7-41C4-9E1B-1153C1B085DF Old ItemGUID= New ItemGUID=F584AA64-E81A-411D-8DDD-B47C4F7F6C04 Old RevisionGUID= New RevisionGUID=21E427CA-FE5E-4180-B7D8-D80215C1BAEE
Change Managed Component Library Link : Designator=C7 Old VaultGUID= New VaultGUID=CBD6831D-FCA7-41C4-9E1B-1153C1B085DF Old ItemGUID= New ItemGUID=1E5C5C4D-623F-4550-825D-46AFE5AA6B01 Old RevisionGUID= New RevisionGUID=6C8B51E9-BEB9-47AB-A229-FBE27602A087
Change Managed Component Library Link : Designator=DF1 Old VaultGUID= New VaultGUID=CBD6831D-FCA7-41C4-9E1B-1153C1B085DF Old ItemGUID= New ItemGUID=51978C0A-9818-4219-8C96-379A286AF459 Old RevisionGUID= New RevisionGUID=0C613E02-431E-475C-91E1-45A9EB894977
Change Managed Component Library Link : Designator=Display1 Old VaultGUID= New VaultGUID=CBD6831D-FCA7-41C4-9E1B-1153C1B085DF Old ItemGUID= New ItemGUID=cba37248-3fe0-4797-9176-e8f76b64c808 Old RevisionGUID= New RevisionGUID=297843ed-569b-43ab-9cb2-bb518386e271
Change Managed Component Library Link : Designator=FM_M0 Old VaultGUID= New VaultGUID=CBD6831D-FCA7-41C4-9E1B-1153C1B085DF Old ItemGUID= New ItemGUID=51978C0A-9818-4219-8C96-379A286AF459 Old RevisionGUID= New RevisionGUID=0C613E02-431E-475C-91E1-45A9EB894977
Change Managed Component Library Link : Designator=FM_M1 Old VaultGUID= New VaultGUID=CBD6831D-FCA7-41C4-9E1B-1153C1B085DF Old ItemGUID= New ItemGUID=51978C0A-9818-4219-8C96-379A286AF459 Old RevisionGUID= New RevisionGUID=0C613E02-431E-475C-91E1-45A9EB894977
Change Managed Component Library Link : Designator=FM_M2 Old VaultGUID= New VaultGUID=CBD6831D-FCA7-41C4-9E1B-1153C1B085DF Old ItemGUID= New ItemGUID=51978C0A-9818-4219-8C96-379A286AF459 Old RevisionGUID= New RevisionGUID=0C613E02-431E-475C-91E1-45A9EB894977
Change Managed Component Library Link : Designator=FM_M3 Old VaultGUID= New VaultGUID=CBD6831D-FCA7-41C4-9E1B-1153C1B085DF Old ItemGUID= New ItemGUID=51978C0A-9818-4219-8C96-379A286AF459 Old RevisionGUID= New RevisionGUID=0C613E02-431E-475C-91E1-45A9EB894977
Change Managed Component Library Link : Designator=IC1 Old VaultGUID= New VaultGUID=CBD6831D-FCA7-41C4-9E1B-1153C1B085DF Old ItemGUID= New ItemGUID=30F4758A-45C1-43A1-8AD2-E75618B15FCD Old RevisionGUID= New RevisionGUID=F1688A00-8E1D-4BB7-8B1C-508A002E1E54
Change Managed Component Library Link : Designator=IC2 Old VaultGUID= New VaultGUID=CBD6831D-FCA7-41C4-9E1B-1153C1B085DF Old ItemGUID= New ItemGUID=59F511F9-CBAE-447F-B3E1-24B8FD0FF1EC Old RevisionGUID= New RevisionGUID=14643443-1052-4BDB-9428-6AB88F3E891B
Change Managed Component Library Link : Designator=IC3 Old VaultGUID= New VaultGUID=CBD6831D-FCA7-41C4-9E1B-1153C1B085DF Old ItemGUID= New ItemGUID=53DE1D75-5F65-4AA9-B1C0-1CA258A5A73D Old RevisionGUID= New RevisionGUID=EA0AA4B4-15B2-4FCE-B590-9D57E4767A24
Change Managed Component Library Link : Designator=IC4 Old VaultGUID= New VaultGUID=B7D15EC3-160A-466F-A46C-7801FE6295A7 Old ItemGUID= New ItemGUID=32B2C54E-D7E0-4267-8F90-6D033D6ED27E Old RevisionGUID= New RevisionGUID=0DBBD3F9-B744-4390-80FC-CC8D28532D62
Change Managed Component Library Link : Designator=INA1 Old VaultGUID= New VaultGUID=CBD6831D-FCA7-41C4-9E1B-1153C1B085DF Old ItemGUID= New ItemGUID=c8d84733-b560-4566-a406-f77ed9166f52 Old RevisionGUID= New RevisionGUID=b3fbcddc-0d13-4ccd-82bf-05cc003c8100
Change Managed Component Library Link : Designator=INA169_M0 Old VaultGUID= New VaultGUID=CBD6831D-FCA7-41C4-9E1B-1153C1B085DF Old ItemGUID= New ItemGUID=c8d84733-b560-4566-a406-f77ed9166f52 Old RevisionGUID= New RevisionGUID=b3fbcddc-0d13-4ccd-82bf-05cc003c8100
Change Managed Component Library Link : Designator=INA169_M1 Old VaultGUID= New VaultGUID=CBD6831D-FCA7-41C4-9E1B-1153C1B085DF Old ItemGUID= New ItemGUID=c8d84733-b560-4566-a406-f77ed9166f52 Old RevisionGUID= New RevisionGUID=b3fbcddc-0d13-4ccd-82bf-05cc003c8100
Change Managed Component Library Link : Designator=INA169_M2 Old VaultGUID= New VaultGUID=CBD6831D-FCA7-41C4-9E1B-1153C1B085DF Old ItemGUID= New ItemGUID=c8d84733-b560-4566-a406-f77ed9166f52 Old RevisionGUID= New RevisionGUID=b3fbcddc-0d13-4ccd-82bf-05cc003c8100
Change Managed Component Library Link : Designator=INA169_M3 Old VaultGUID= New VaultGUID=CBD6831D-FCA7-41C4-9E1B-1153C1B085DF Old ItemGUID= New ItemGUID=c8d84733-b560-4566-a406-f77ed9166f52 Old RevisionGUID= New RevisionGUID=b3fbcddc-0d13-4ccd-82bf-05cc003c8100
Change Managed Component Library Link : Designator=Kick1 Old VaultGUID= New VaultGUID=CBD6831D-FCA7-41C4-9E1B-1153C1B085DF Old ItemGUID= New ItemGUID=6245FCB2-37EF-41EF-815A-F6F46A29EA7B Old RevisionGUID= New RevisionGUID=8409236F-6594-4854-987A-D80A6302023C
Change Managed Component Library Link : Designator=L1 Old VaultGUID= New VaultGUID=CBD6831D-FCA7-41C4-9E1B-1153C1B085DF Old ItemGUID= New ItemGUID=C12E9348-6160-46F4-AD8D-0CC82D116578 Old RevisionGUID= New RevisionGUID=C1459C31-7E88-408F-BAC5-4DEFE6AE7839
Change Managed Component Library Link : Designator=LED_BALL_L1 Old VaultGUID= New VaultGUID=CBD6831D-FCA7-41C4-9E1B-1153C1B085DF Old ItemGUID= New ItemGUID=C2583BCB-EF7E-44B7-8980-FDDD95867249 Old RevisionGUID= New RevisionGUID=D837ABFD-49B7-447C-9FEA-DDDB1D6A1324
Change Managed Component Library Link : Designator=LED_BALL_R1 Old VaultGUID= New VaultGUID=CBD6831D-FCA7-41C4-9E1B-1153C1B085DF Old ItemGUID= New ItemGUID=C2583BCB-EF7E-44B7-8980-FDDD95867249 Old RevisionGUID= New RevisionGUID=D837ABFD-49B7-447C-9FEA-DDDB1D6A1324
Change Managed Component Library Link : Designator=LED_COM_L1 Old VaultGUID= New VaultGUID=CBD6831D-FCA7-41C4-9E1B-1153C1B085DF Old ItemGUID= New ItemGUID=C2583BCB-EF7E-44B7-8980-FDDD95867249 Old RevisionGUID= New RevisionGUID=D837ABFD-49B7-447C-9FEA-DDDB1D6A1324
Change Managed Component Library Link : Designator=LED_COM_R1 Old VaultGUID= New VaultGUID=CBD6831D-FCA7-41C4-9E1B-1153C1B085DF Old ItemGUID= New ItemGUID=C2583BCB-EF7E-44B7-8980-FDDD95867249 Old RevisionGUID= New RevisionGUID=D837ABFD-49B7-447C-9FEA-DDDB1D6A1324
Change Managed Component Library Link : Designator=LED_GREEN_L1 Old VaultGUID= New VaultGUID=CBD6831D-FCA7-41C4-9E1B-1153C1B085DF Old ItemGUID= New ItemGUID=C2583BCB-EF7E-44B7-8980-FDDD95867249 Old RevisionGUID= New RevisionGUID=D837ABFD-49B7-447C-9FEA-DDDB1D6A1324
Change Managed Component Library Link : Designator=LED_GREEN_R1 Old VaultGUID= New VaultGUID=CBD6831D-FCA7-41C4-9E1B-1153C1B085DF Old ItemGUID= New ItemGUID=C2583BCB-EF7E-44B7-8980-FDDD95867249 Old RevisionGUID= New RevisionGUID=D837ABFD-49B7-447C-9FEA-DDDB1D6A1324
Change Managed Component Library Link : Designator=LED_ORANGE_L1 Old VaultGUID= New VaultGUID=CBD6831D-FCA7-41C4-9E1B-1153C1B085DF Old ItemGUID= New ItemGUID=C2583BCB-EF7E-44B7-8980-FDDD95867249 Old RevisionGUID= New RevisionGUID=D837ABFD-49B7-447C-9FEA-DDDB1D6A1324
Change Managed Component Library Link : Designator=LED_ORANGE_R1 Old VaultGUID= New VaultGUID=CBD6831D-FCA7-41C4-9E1B-1153C1B085DF Old ItemGUID= New ItemGUID=C2583BCB-EF7E-44B7-8980-FDDD95867249 Old RevisionGUID= New RevisionGUID=D837ABFD-49B7-447C-9FEA-DDDB1D6A1324
Change Managed Component Library Link : Designator=MC_C1 Old VaultGUID= New VaultGUID=CBD6831D-FCA7-41C4-9E1B-1153C1B085DF Old ItemGUID= New ItemGUID=F584AA64-E81A-411D-8DDD-B47C4F7F6C04 Old RevisionGUID= New RevisionGUID=21E427CA-FE5E-4180-B7D8-D80215C1BAEE
Change Managed Component Library Link : Designator=MC_C2 Old VaultGUID= New VaultGUID=CBD6831D-FCA7-41C4-9E1B-1153C1B085DF Old ItemGUID= New ItemGUID=F584AA64-E81A-411D-8DDD-B47C4F7F6C04 Old RevisionGUID= New RevisionGUID=21E427CA-FE5E-4180-B7D8-D80215C1BAEE
Change Managed Component Library Link : Designator=MC_C3 Old VaultGUID= New VaultGUID=CBD6831D-FCA7-41C4-9E1B-1153C1B085DF Old ItemGUID= New ItemGUID=F584AA64-E81A-411D-8DDD-B47C4F7F6C04 Old RevisionGUID= New RevisionGUID=21E427CA-FE5E-4180-B7D8-D80215C1BAEE
Change Managed Component Library Link : Designator=MC_C4 Old VaultGUID= New VaultGUID=CBD6831D-FCA7-41C4-9E1B-1153C1B085DF Old ItemGUID= New ItemGUID=F584AA64-E81A-411D-8DDD-B47C4F7F6C04 Old RevisionGUID= New RevisionGUID=21E427CA-FE5E-4180-B7D8-D80215C1BAEE
Change Managed Component Library Link : Designator=MC_C5 Old VaultGUID= New VaultGUID=CBD6831D-FCA7-41C4-9E1B-1153C1B085DF Old ItemGUID= New ItemGUID=F584AA64-E81A-411D-8DDD-B47C4F7F6C04 Old RevisionGUID= New RevisionGUID=21E427CA-FE5E-4180-B7D8-D80215C1BAEE
Change Managed Component Library Link : Designator=NRF_C1 Old VaultGUID= New VaultGUID=CBD6831D-FCA7-41C4-9E1B-1153C1B085DF Old ItemGUID= New ItemGUID=F584AA64-E81A-411D-8DDD-B47C4F7F6C04 Old RevisionGUID= New RevisionGUID=21E427CA-FE5E-4180-B7D8-D80215C1BAEE
Change Managed Component Library Link : Designator=R1 Old VaultGUID= New VaultGUID=CBD6831D-FCA7-41C4-9E1B-1153C1B085DF Old ItemGUID= New ItemGUID=76D41D9F-9B16-41D9-A22A-6054A67B7EEF Old RevisionGUID= New RevisionGUID=6206D596-4B66-40FE-875A-15DF650D4EA9
Change Managed Component Library Link : Designator=R2 Old VaultGUID= New VaultGUID=CBD6831D-FCA7-41C4-9E1B-1153C1B085DF Old ItemGUID= New ItemGUID=367C2078-9061-44B6-B607-15095E26744C Old RevisionGUID= New RevisionGUID=45A810A5-3B7B-4A84-B83D-A1726208253D
Change Managed Component Library Link : Designator=R3 Old VaultGUID= New VaultGUID=CBD6831D-FCA7-41C4-9E1B-1153C1B085DF Old ItemGUID= New ItemGUID=367C2078-9061-44B6-B607-15095E26744C Old RevisionGUID= New RevisionGUID=45A810A5-3B7B-4A84-B83D-A1726208253D
Change Managed Component Library Link : Designator=R4 Old VaultGUID= New VaultGUID=CBD6831D-FCA7-41C4-9E1B-1153C1B085DF Old ItemGUID= New ItemGUID=76D41D9F-9B16-41D9-A22A-6054A67B7EEF Old RevisionGUID= New RevisionGUID=6206D596-4B66-40FE-875A-15DF650D4EA9
Change Managed Component Library Link : Designator=R5 Old VaultGUID= New VaultGUID=CBD6831D-FCA7-41C4-9E1B-1153C1B085DF Old ItemGUID= New ItemGUID=367C2078-9061-44B6-B607-15095E26744C Old RevisionGUID= New RevisionGUID=3B95B0D9-059B-4372-AF69-8157F9636B48
Change Managed Component Library Link : Designator=R6 Old VaultGUID= New VaultGUID=CBD6831D-FCA7-41C4-9E1B-1153C1B085DF Old ItemGUID= New ItemGUID=EEE23A34-1BC6-4EFF-AFCF-8173515954F7 Old RevisionGUID= New RevisionGUID=2EAAC1D7-BDFC-4299-9D6A-F837ED81F129
Change Managed Component Library Link : Designator=R7 Old VaultGUID= New VaultGUID=CBD6831D-FCA7-41C4-9E1B-1153C1B085DF Old ItemGUID= New ItemGUID=EEE23A34-1BC6-4EFF-AFCF-8173515954F7 Old RevisionGUID= New RevisionGUID=2EAAC1D7-BDFC-4299-9D6A-F837ED81F129
Change Managed Component Library Link : Designator=R8 Old VaultGUID= New VaultGUID=CBD6831D-FCA7-41C4-9E1B-1153C1B085DF Old ItemGUID= New ItemGUID=EEE23A34-1BC6-4EFF-AFCF-8173515954F7 Old RevisionGUID= New RevisionGUID=2EAAC1D7-BDFC-4299-9D6A-F837ED81F129
Change Managed Component Library Link : Designator=R9 Old VaultGUID= New VaultGUID=CBD6831D-FCA7-41C4-9E1B-1153C1B085DF Old ItemGUID= New ItemGUID=EEE23A34-1BC6-4EFF-AFCF-8173515954F7 Old RevisionGUID= New RevisionGUID=2EAAC1D7-BDFC-4299-9D6A-F837ED81F129
Change Managed Component Library Link : Designator=R10_M0 Old VaultGUID= New VaultGUID=CBD6831D-FCA7-41C4-9E1B-1153C1B085DF Old ItemGUID= New ItemGUID=7763CA28-2AF1-4329-9606-D54F8243A2E1 Old RevisionGUID= New RevisionGUID=E992C5EE-84D4-4EF8-860E-2C5849C2BDBB
Change Managed Component Library Link : Designator=R10_M1 Old VaultGUID= New VaultGUID=CBD6831D-FCA7-41C4-9E1B-1153C1B085DF Old ItemGUID= New ItemGUID=7763CA28-2AF1-4329-9606-D54F8243A2E1 Old RevisionGUID= New RevisionGUID=E992C5EE-84D4-4EF8-860E-2C5849C2BDBB
Change Managed Component Library Link : Designator=R10_M2 Old VaultGUID= New VaultGUID=CBD6831D-FCA7-41C4-9E1B-1153C1B085DF Old ItemGUID= New ItemGUID=7763CA28-2AF1-4329-9606-D54F8243A2E1 Old RevisionGUID= New RevisionGUID=E992C5EE-84D4-4EF8-860E-2C5849C2BDBB
Change Managed Component Library Link : Designator=R10_M3 Old VaultGUID= New VaultGUID=CBD6831D-FCA7-41C4-9E1B-1153C1B085DF Old ItemGUID= New ItemGUID=7763CA28-2AF1-4329-9606-D54F8243A2E1 Old RevisionGUID= New RevisionGUID=E992C5EE-84D4-4EF8-860E-2C5849C2BDBB
Change Managed Component Library Link : Designator=R11_M0 Old VaultGUID= New VaultGUID=CBD6831D-FCA7-41C4-9E1B-1153C1B085DF Old ItemGUID= New ItemGUID=60F5EAA9-EE19-430A-A8B6-67A05BC25AC2 Old RevisionGUID= New RevisionGUID=8FBEAE25-B90A-4CE6-B1CE-BE0AC0120AAF
Change Managed Component Library Link : Designator=R11_M1 Old VaultGUID= New VaultGUID=CBD6831D-FCA7-41C4-9E1B-1153C1B085DF Old ItemGUID= New ItemGUID=60F5EAA9-EE19-430A-A8B6-67A05BC25AC2 Old RevisionGUID= New RevisionGUID=8FBEAE25-B90A-4CE6-B1CE-BE0AC0120AAF
Change Managed Component Library Link : Designator=R11_M2 Old VaultGUID= New VaultGUID=CBD6831D-FCA7-41C4-9E1B-1153C1B085DF Old ItemGUID= New ItemGUID=60F5EAA9-EE19-430A-A8B6-67A05BC25AC2 Old RevisionGUID= New RevisionGUID=8FBEAE25-B90A-4CE6-B1CE-BE0AC0120AAF
Change Managed Component Library Link : Designator=R11_M3 Old VaultGUID= New VaultGUID=CBD6831D-FCA7-41C4-9E1B-1153C1B085DF Old ItemGUID= New ItemGUID=60F5EAA9-EE19-430A-A8B6-67A05BC25AC2 Old RevisionGUID= New RevisionGUID=8FBEAE25-B90A-4CE6-B1CE-BE0AC0120AAF
Change Managed Component Library Link : Designator=R12 Old VaultGUID= New VaultGUID=CBD6831D-FCA7-41C4-9E1B-1153C1B085DF Old ItemGUID= New ItemGUID=EEE23A34-1BC6-4EFF-AFCF-8173515954F7 Old RevisionGUID= New RevisionGUID=2EAAC1D7-BDFC-4299-9D6A-F837ED81F129
Change Managed Component Library Link : Designator=R13 Old VaultGUID= New VaultGUID=CBD6831D-FCA7-41C4-9E1B-1153C1B085DF Old ItemGUID= New ItemGUID=EEE23A34-1BC6-4EFF-AFCF-8173515954F7 Old RevisionGUID= New RevisionGUID=2EAAC1D7-BDFC-4299-9D6A-F837ED81F129
Change Managed Component Library Link : Designator=R14 Old VaultGUID= New VaultGUID=CBD6831D-FCA7-41C4-9E1B-1153C1B085DF Old ItemGUID= New ItemGUID=EEE23A34-1BC6-4EFF-AFCF-8173515954F7 Old RevisionGUID= New RevisionGUID=2EAAC1D7-BDFC-4299-9D6A-F837ED81F129
Change Managed Component Library Link : Designator=R15 Old VaultGUID= New VaultGUID=CBD6831D-FCA7-41C4-9E1B-1153C1B085DF Old ItemGUID= New ItemGUID=EEE23A34-1BC6-4EFF-AFCF-8173515954F7 Old RevisionGUID= New RevisionGUID=2EAAC1D7-BDFC-4299-9D6A-F837ED81F129
Change Managed Component Library Link : Designator=R_D1 Old VaultGUID= New VaultGUID=CBD6831D-FCA7-41C4-9E1B-1153C1B085DF Old ItemGUID= New ItemGUID=7763CA28-2AF1-4329-9606-D54F8243A2E1 Old RevisionGUID= New RevisionGUID=E992C5EE-84D4-4EF8-860E-2C5849C2BDBB
Change Managed Component Library Link : Designator=RD1 Old VaultGUID= New VaultGUID=CBD6831D-FCA7-41C4-9E1B-1153C1B085DF Old ItemGUID= New ItemGUID=60F5EAA9-EE19-430A-A8B6-67A05BC25AC2 Old RevisionGUID= New RevisionGUID=8FBEAE25-B90A-4CE6-B1CE-BE0AC0120AAF
Change Managed Component Library Link : Designator=RL1 Old VaultGUID= New VaultGUID=CBD6831D-FCA7-41C4-9E1B-1153C1B085DF Old ItemGUID= New ItemGUID=B10EBAA2-AA69-47BC-B0C4-F314BA3468DB Old RevisionGUID= New RevisionGUID=FEA03CED-D628-4F99-B298-7222E7D74734
Change Managed Component Library Link : Designator=RL2 Old VaultGUID= New VaultGUID=CBD6831D-FCA7-41C4-9E1B-1153C1B085DF Old ItemGUID= New ItemGUID=B10EBAA2-AA69-47BC-B0C4-F314BA3468DB Old RevisionGUID= New RevisionGUID=FEA03CED-D628-4F99-B298-7222E7D74734
Change Managed Component Library Link : Designator=RS1 Old VaultGUID= New VaultGUID=CBD6831D-FCA7-41C4-9E1B-1153C1B085DF Old ItemGUID= New ItemGUID=EEE23A34-1BC6-4EFF-AFCF-8173515954F7 Old RevisionGUID= New RevisionGUID=2EAAC1D7-BDFC-4299-9D6A-F837ED81F129
Change Managed Component Library Link : Designator=RS2 Old VaultGUID= New VaultGUID=CBD6831D-FCA7-41C4-9E1B-1153C1B085DF Old ItemGUID= New ItemGUID=EEE23A34-1BC6-4EFF-AFCF-8173515954F7 Old RevisionGUID= New RevisionGUID=2EAAC1D7-BDFC-4299-9D6A-F837ED81F129
Change Managed Component Library Link : Designator=SD1 Old VaultGUID= New VaultGUID=CBD6831D-FCA7-41C4-9E1B-1153C1B085DF Old ItemGUID= New ItemGUID=e9dfe322-03a2-4197-ac85-ff61359df85a Old RevisionGUID= New RevisionGUID=2bc01fa7-0767-4613-8f84-05dd2e5067a5
Change Managed Component Library Link : Designator=SW_id1 Old VaultGUID= New VaultGUID=CBD6831D-FCA7-41C4-9E1B-1153C1B085DF Old ItemGUID= New ItemGUID=C6ADE224-7A79-41BF-A3F7-6DEB360345F2 Old RevisionGUID= New RevisionGUID=6867E35C-FCD5-4612-AA00-85CD891FBB60
Change Class Name : Old Net Name=Mother_board_SSL2018 New Net Name=SSL-Motherboard
Added Class: Name=Motors
Added Room: Name=M0
Added Room: Name=M1
Added Room: Name=M2
Added Room: Name=M3
Added Room: Name=MD
Added Room: Name=Periféricos
Added Room: Name=POWER
Added Room: Name=SSL-Motherboard
