
Importing C:\Users\Gabriel\OneDrive\Documentos\Trabalhos IME\Extras\RoboIME\SSL_Electronic_Boards\Motor_Driver_2018\PDNAnalyzer_Output\Motor_Driver_2018PCB\Unnamed simulation (1)\odb.tgz... [Tue Mar  9 18:18:11 2021]
============================================================
Reading ODB++ database ...

file not found: odb/misc/info.Z
Reading file odb/matrix/matrix...
Reading file odb/steps/pcb/profile...
Reading file odb/steps/pcb/eda/data...
Origin of ODB++ database:  Altium Designer file - Version 1.0.0.30000
eda data: 4 packages, 11 nets.
Reading file odb/steps/pcb/layers/top_solder/features...
55 SWHs on layer TOP_SOLDER

Reading file odb/steps/pcb/layers/top_layer/features...
130 SWHs on layer TOP_LAYER

Reading file odb/steps/pcb/layers/bottom_layer/features...
34 SWHs on layer BOTTOM_LAYER

Reading file odb/steps/pcb/layers/bottom_solder/features...
8 SWHs on layer BOTTOM_SOLDER

Added substrate layer SUBSTRATE-1 below etch layer TOP_LAYER
Reading file odb/steps/pcb/layers/top_solder/attrlist...
Reading file odb/steps/pcb/layers/top_layer/attrlist...
Reading file odb/steps/pcb/layers/bottom_layer/attrlist...
Reading file odb/steps/pcb/layers/bottom_solder/attrlist...
WARNING: material values were set to default due to missing information for the following layers:  'TOP_SOLDER', 'TOP_LAYER', 'BOTTOM_LAYER', 'BOTTOM_SOLDER'
parsing drills TOP_LAYER-BOTTOM_LAYER
Reading file odb/steps/pcb/layers/drill/features...
Reading file odb/steps/pcb/layers/comp_+_top/components...
INFO: 10 duplicate vertices ignored
========================================
INFO: Created CSV file (C:\Users\Gabriel\OneDrive\Documentos\Trabalhos IME\Extras\RoboIME\SSL_Electronic_Boards\Motor_Driver_2018\PDNAnalyzer_Output\Motor_Driver_2018PCB\Unnamed simulation (1)\Results\tmp\design.csv) with component properties extracted from ODB++ file.
========================================
========================================
Lumped-element import (C:\Users\Gabriel\OneDrive\Documentos\Trabalhos IME\Extras\RoboIME\SSL_Electronic_Boards\Motor_Driver_2018\PDNAnalyzer_Output\Motor_Driver_2018PCB\Unnamed simulation (1)\Results\tmp\design.csv)...
Detected ' ; ' as separator.

Value-string translations:
	100n ->  100.0 nF (C)
	220n ->  220.0 nF (C)
	33n ->  33.0 nF (C)
WARNING: unable to interpret: [empty string]
========================================
WARNING: There were some warnings while importing the auto-generated CSV-file 'C:\Users\Gabriel\OneDrive\Documentos\Trabalhos IME\Extras\RoboIME\SSL_Electronic_Boards\Motor_Driver_2018\PDNAnalyzer_Output\Motor_Driver_2018PCB\Unnamed simulation (1)\Results\tmp\design.csv'. Please review the auto-generated file under Parts Editor->Load (csv).
========================================
Unifying library padstacks...
Finished reading database.
============================================================
